Compiling the C compiler identification source file "CMakeCCompilerId.c" failed.
Compiler: C:/Users/Chris/AppData/Roaming/xPacks/@xpack-dev-tools/arm-none-eabi-gcc/10.3.1-2.3.1/.content/bin/arm-none-eabi-gcc.exe 
Build flags: -mcpu=cortex-m33;-mthumb;-mfloat-abi=soft;-g;-Wall;-Wextra;-Wno-unused-parameter;-ffunction-sections;-fdata-sections;-std=gnu11
Id flags:  

The output was:
1
c:/users/chris/appdata/roaming/xpacks/@xpack-dev-tools/arm-none-eabi-gcc/10.3.1-2.3.1/.content/bin/../lib/gcc/arm-none-eabi/10.3.1/../../../../arm-none-eabi/bin/ld.exe: c:/users/chris/appdata/roaming/xpacks/@xpack-dev-tools/arm-none-eabi-gcc/10.3.1-2.3.1/.content/bin/../lib/gcc/arm-none-eabi/10.3.1/../../../../arm-none-eabi/lib/thumb/v8-m.main/nofp\libg.a(lib_a-exit.o): in function `exit':
(.text.exit+0x16): undefined reference to `_exit'
c:/users/chris/appdata/roaming/xpacks/@xpack-dev-tools/arm-none-eabi-gcc/10.3.1-2.3.1/.content/bin/../lib/gcc/arm-none-eabi/10.3.1/../../../../arm-none-eabi/bin/ld.exe: c:/users/chris/appdata/roaming/xpacks/@xpack-dev-tools/arm-none-eabi-gcc/10.3.1-2.3.1/.content/bin/../lib/gcc/arm-none-eabi/10.3.1/../../../../arm-none-eabi/lib/thumb/v8-m.main/nofp\libg.a(lib_a-abort.o): in function `abort':
(.text.abort+0xa): undefined reference to `_exit'
c:/users/chris/appdata/roaming/xpacks/@xpack-dev-tools/arm-none-eabi-gcc/10.3.1-2.3.1/.content/bin/../lib/gcc/arm-none-eabi/10.3.1/../../../../arm-none-eabi/bin/ld.exe: c:/users/chris/appdata/roaming/xpacks/@xpack-dev-tools/arm-none-eabi-gcc/10.3.1-2.3.1/.content/bin/../lib/gcc/arm-none-eabi/10.3.1/../../../../arm-none-eabi/lib/thumb/v8-m.main/nofp\libg.a(lib_a-signalr.o): in function `_kill_r':
(.text._kill_r+0x12): undefined reference to `_kill'
c:/users/chris/appdata/roaming/xpacks/@xpack-dev-tools/arm-none-eabi-gcc/10.3.1-2.3.1/.content/bin/../lib/gcc/arm-none-eabi/10.3.1/../../../../arm-none-eabi/bin/ld.exe: c:/users/chris/appdata/roaming/xpacks/@xpack-dev-tools/arm-none-eabi-gcc/10.3.1-2.3.1/.content/bin/../lib/gcc/arm-none-eabi/10.3.1/../../../../arm-none-eabi/lib/thumb/v8-m.main/nofp\libg.a(lib_a-signalr.o): in function `_getpid_r':
(.text._getpid_r+0x0): undefined reference to `_getpid'
c:/users/chris/appdata/roaming/xpacks/@xpack-dev-tools/arm-none-eabi-gcc/10.3.1-2.3.1/.content/bin/../lib/gcc/arm-none-eabi/10.3.1/../../../../arm-none-eabi/bin/ld.exe: c:/users/chris/appdata/roaming/xpacks/@xpack-dev-tools/arm-none-eabi-gcc/10.3.1-2.3.1/.content/bin/../lib/gcc/arm-none-eabi/10.3.1/../../../../arm-none-eabi/lib/thumb/v8-m.main/nofp\libg.a(lib_a-sbrkr.o): in function `_sbrk_r':
(.text._sbrk_r+0xc): undefined reference to `_sbrk'
collect2.exe: error: ld returned 1 exit status


Compiling the CXX compiler identification source file "CMakeCXXCompilerId.cpp" failed.
Compiler: C:/Users/Chris/AppData/Roaming/xPacks/@xpack-dev-tools/arm-none-eabi-gcc/10.3.1-2.3.1/.content/bin/arm-none-eabi-g++.exe 
Build flags: -mcpu=cortex-m33;-mthumb;-mfloat-abi=soft;-g;-Wall;-Wextra;-Wno-unused-parameter;-ffunction-sections;-fdata-sections;-Wno-implicit-fallthrough;-Wno-register;-std=c++17;-fno-rtti;-fno-exceptions;-fno-unwind-tables
Id flags:  

The output was:
1
c:/users/chris/appdata/roaming/xpacks/@xpack-dev-tools/arm-none-eabi-gcc/10.3.1-2.3.1/.content/bin/../lib/gcc/arm-none-eabi/10.3.1/../../../../arm-none-eabi/bin/ld.exe: c:/users/chris/appdata/roaming/xpacks/@xpack-dev-tools/arm-none-eabi-gcc/10.3.1-2.3.1/.content/bin/../lib/gcc/arm-none-eabi/10.3.1/../../../../arm-none-eabi/lib/thumb/v8-m.main/nofp\libg.a(lib_a-exit.o): in function `exit':
(.text.exit+0x16): undefined reference to `_exit'
c:/users/chris/appdata/roaming/xpacks/@xpack-dev-tools/arm-none-eabi-gcc/10.3.1-2.3.1/.content/bin/../lib/gcc/arm-none-eabi/10.3.1/../../../../arm-none-eabi/bin/ld.exe: c:/users/chris/appdata/roaming/xpacks/@xpack-dev-tools/arm-none-eabi-gcc/10.3.1-2.3.1/.content/bin/../lib/gcc/arm-none-eabi/10.3.1/../../../../arm-none-eabi/lib/thumb/v8-m.main/nofp\libg.a(lib_a-abort.o): in function `abort':
(.text.abort+0xa): undefined reference to `_exit'
c:/users/chris/appdata/roaming/xpacks/@xpack-dev-tools/arm-none-eabi-gcc/10.3.1-2.3.1/.content/bin/../lib/gcc/arm-none-eabi/10.3.1/../../../../arm-none-eabi/bin/ld.exe: c:/users/chris/appdata/roaming/xpacks/@xpack-dev-tools/arm-none-eabi-gcc/10.3.1-2.3.1/.content/bin/../lib/gcc/arm-none-eabi/10.3.1/../../../../arm-none-eabi/lib/thumb/v8-m.main/nofp\libg.a(lib_a-signalr.o): in function `_kill_r':
(.text._kill_r+0x12): undefined reference to `_kill'
c:/users/chris/appdata/roaming/xpacks/@xpack-dev-tools/arm-none-eabi-gcc/10.3.1-2.3.1/.content/bin/../lib/gcc/arm-none-eabi/10.3.1/../../../../arm-none-eabi/bin/ld.exe: c:/users/chris/appdata/roaming/xpacks/@xpack-dev-tools/arm-none-eabi-gcc/10.3.1-2.3.1/.content/bin/../lib/gcc/arm-none-eabi/10.3.1/../../../../arm-none-eabi/lib/thumb/v8-m.main/nofp\libg.a(lib_a-signalr.o): in function `_getpid_r':
(.text._getpid_r+0x0): undefined reference to `_getpid'
c:/users/chris/appdata/roaming/xpacks/@xpack-dev-tools/arm-none-eabi-gcc/10.3.1-2.3.1/.content/bin/../lib/gcc/arm-none-eabi/10.3.1/../../../../arm-none-eabi/bin/ld.exe: c:/users/chris/appdata/roaming/xpacks/@xpack-dev-tools/arm-none-eabi-gcc/10.3.1-2.3.1/.content/bin/../lib/gcc/arm-none-eabi/10.3.1/../../../../arm-none-eabi/lib/thumb/v8-m.main/nofp\libg.a(lib_a-sbrkr.o): in function `_sbrk_r':
(.text._sbrk_r+0xc): undefined reference to `_sbrk'
collect2.exe: error: ld returned 1 exit status


