2023-07-24 15:11:15,590 [INFO] Activator:177 - 


2023-07-24 15:11:15,591 [INFO] Activator:178 - !SESSION log4j initialized
2023-07-24 15:11:42,850 [ERROR] LogOutputStream:74 - [STDERR_REDIRECT] SLF4J: Failed to load class "org.slf4j.impl.StaticLoggerBinder".
2023-07-24 15:11:42,851 [ERROR] LogOutputStream:74 - [STDERR_REDIRECT] SLF4J: Defaulting to no-operation (NOP) logger implementation
2023-07-24 15:11:42,853 [ERROR] LogOutputStream:74 - [STDERR_REDIRECT] SLF4J: See http://www.slf4j.org/codes.html#StaticLoggerBinder for further details.
2023-07-24 15:11:59,192 [ERROR] LogOutputStream:74 - [STDERR_REDIRECT] Managed Build system manifest file error: Option com.st.stm32cube.ide.mcu.debug.option.cpuclock.459828748 uses a null category that is invalid in its context. The option was ignored.
2023-07-24 15:11:59,418 [ERROR] LogOutputStream:74 - [STDERR_REDIRECT] Managed Build system manifest file error: Option com.st.stm32cube.ide.mcu.debug.option.cpuclock.1857449385 uses a null category that is invalid in its context. The option was ignored.
2023-07-24 15:12:12,745 [ERROR] ApiDbMcu:1619 - Can't use Application install path:
2023-07-24 15:12:18,276 [WARN] RulesReader:63 - Compatibility file://mcu/compatibility.xml not found
2023-07-24 18:43:56,613 [INFO] Activator:176 - 


2023-07-24 18:43:56,616 [INFO] Activator:177 - !SESSION log4j initialized
2023-07-24 18:44:03,389 [INFO] ApplicationProperties:184 - Using Application install path: C:\ST\STM32CubeIDE_1.10.1\STM32CubeIDE\plugins\com.st.stm32cube.common.mx_6.9.0.202307051724
2023-07-24 18:44:03,411 [INFO] DbMcusXml:78 - Set database path to: C:\ST\STM32CubeIDE_1.10.1\STM32CubeIDE\plugins\com.st.stm32cube.common.mx_6.9.0.202307051724\\db\/mcu/
2023-07-24 18:44:03,412 [INFO] ApiDb:274 - Set plugin database path to: C:\ST\STM32CubeIDE_1.10.1\STM32CubeIDE\plugins\com.st.stm32cube.common.mx_6.9.0.202307051724\\db\/plugins/boardmanager/
2023-07-24 18:44:03,412 [WARN] ApiDb:259 - Overriding images path with different value:  => C:\ST\STM32CubeIDE_1.10.1\STM32CubeIDE\plugins\com.st.stm32cube.common.mx_6.9.0.202307051724\\db\/plugins/mcufinder/images/
2023-07-24 18:44:04,765 [INFO] ApiDb:250 - Set database path to: C:\Users\navta\.stmcufinder\plugins\mcufinder//mcu/
2023-07-24 18:44:04,767 [INFO] DbMcusAds:125 - Set database path to: C:\Users\navta\.stmcufinder\plugins\mcufinder//mcu/
2023-07-24 18:44:04,900 [INFO] CrossReferenceDbSqlite:203 - Set database path to: C:\Users\navta\.stmcufinder\plugins\mcufinder//mcu/cs/
2023-07-24 18:44:05,022 [INFO] RulesReader:64 - Compatibility file has been processed (293 Rules)
2023-07-24 18:44:05,139 [INFO] DbMcusXml:78 - Set database path to: C:\ST\STM32CubeIDE_1.10.1\STM32CubeIDE\plugins\com.st.stm32cube.common.mx_6.9.0.202307051724\\db\/mcu/
2023-07-24 18:44:05,140 [INFO] ApiDb:274 - Set plugin database path to: C:\ST\STM32CubeIDE_1.10.1\STM32CubeIDE\plugins\com.st.stm32cube.common.mx_6.9.0.202307051724\\db\/plugins/boardmanager/
2023-07-24 18:44:05,140 [INFO] ApiDb:261 - Set plugin images path to: C:\ST\STM32CubeIDE_1.10.1\STM32CubeIDE\plugins\com.st.stm32cube.common.mx_6.9.0.202307051724\\db\/plugins/mcufinder/images/
2023-07-24 18:44:05,140 [WARN] DbFile:41 - Overriding database path with different value: C:\Users\navta\.stmcufinder\plugins\mcufinder/ => C:\Users\navta\.stmcufinder\plugins\mcufinder
2023-07-24 18:44:05,140 [INFO] ApiDb:250 - Set database path to: C:\Users\navta\.stmcufinder\plugins\mcufinder//mcu/
2023-07-24 18:44:05,140 [WARN] DbFile:41 - Overriding database path with different value: C:\Users\navta\.stmcufinder\plugins\mcufinder/ => C:\Users\navta\.stmcufinder\plugins\mcufinder
2023-07-24 18:44:05,140 [INFO] DbMcusAds:125 - Set database path to: C:\Users\navta\.stmcufinder\plugins\mcufinder//mcu/
2023-07-24 18:44:05,140 [WARN] DbFile:41 - Overriding database path with different value: C:\Users\navta\.stmcufinder\plugins\mcufinder/ => C:\Users\navta\.stmcufinder\plugins\mcufinder
2023-07-24 18:44:05,140 [WARN] DbFile:41 - Overriding database path with different value: C:\Users\navta\.stmcufinder\plugins\mcufinder/ => C:\Users\navta\.stmcufinder\plugins\mcufinder
2023-07-24 18:44:05,141 [INFO] CrossReferenceDbSqlite:203 - Set database path to: C:\Users\navta\.stmcufinder\plugins\mcufinder//mcu/cs/
2023-07-24 18:44:05,239 [INFO] MainPanel:262 - HeapMemory: 268435456
2023-07-24 18:44:05,336 [INFO] DbMcusXml:78 - Set database path to: C:\ST\STM32CubeIDE_1.10.1\STM32CubeIDE\plugins\com.st.stm32cube.common.mx_6.9.0.202307051724\\db\/mcu/
2023-07-24 18:44:05,338 [INFO] ApiDb:274 - Set plugin database path to: C:\ST\STM32CubeIDE_1.10.1\STM32CubeIDE\plugins\com.st.stm32cube.common.mx_6.9.0.202307051724\\db\/plugins/boardmanager/
2023-07-24 18:44:05,338 [INFO] ApiDb:261 - Set plugin images path to: C:\ST\STM32CubeIDE_1.10.1\STM32CubeIDE\plugins\com.st.stm32cube.common.mx_6.9.0.202307051724\\db\/plugins/mcufinder/images/
2023-07-24 18:44:05,338 [WARN] DbFile:41 - Overriding database path with different value: C:\Users\navta\.stmcufinder\plugins\mcufinder/ => C:\Users\navta\.stmcufinder\plugins\mcufinder
2023-07-24 18:44:05,338 [INFO] ApiDb:250 - Set database path to: C:\Users\navta\.stmcufinder\plugins\mcufinder//mcu/
2023-07-24 18:44:05,338 [WARN] DbFile:41 - Overriding database path with different value: C:\Users\navta\.stmcufinder\plugins\mcufinder/ => C:\Users\navta\.stmcufinder\plugins\mcufinder
2023-07-24 18:44:05,339 [INFO] DbMcusAds:125 - Set database path to: C:\Users\navta\.stmcufinder\plugins\mcufinder//mcu/
2023-07-24 18:44:05,339 [WARN] DbFile:41 - Overriding database path with different value: C:\Users\navta\.stmcufinder\plugins\mcufinder/ => C:\Users\navta\.stmcufinder\plugins\mcufinder
2023-07-24 18:44:05,339 [WARN] DbFile:41 - Overriding database path with different value: C:\Users\navta\.stmcufinder\plugins\mcufinder/ => C:\Users\navta\.stmcufinder\plugins\mcufinder
2023-07-24 18:44:05,339 [INFO] CrossReferenceDbSqlite:203 - Set database path to: C:\Users\navta\.stmcufinder\plugins\mcufinder//mcu/cs/
2023-07-24 18:44:05,360 [INFO] ApplicationProperties:184 - Using Application install path: C:\ST\STM32CubeIDE_1.10.1\STM32CubeIDE\plugins\com.st.stm32cube.common.mx_6.9.0.202307051724
2023-07-24 18:44:05,362 [INFO] PluginManage:196 - Search for loadable plugins [exclusion list=, ]
2023-07-24 18:44:05,363 [INFO] PluginManage:310 - Check plugin analytics
2023-07-24 18:44:05,784 [INFO] AnalyticsPlugin:253 - Accepted Software Licenses: 
2023-07-24 18:44:05,784 [INFO] AnalyticsPlugin:255 - Accepted CMSIS Pack Licenses: 
2023-07-24 18:44:05,784 [INFO] AnalyticsPlugin:257 - Accepted Firmware Licenses: 
2023-07-24 18:44:05,791 [INFO] PluginManage:359 - Loaded plugin analytics (category:tool,tabindex:-1)
2023-07-24 18:44:05,792 [INFO] PluginManage:310 - Check plugin cadmodel
2023-07-24 18:44:05,901 [INFO] CADModel:105 - Init CAD model plugin
2023-07-24 18:44:05,902 [INFO] PluginManage:359 - Loaded plugin cadmodel (category:power,tabindex:5)
2023-07-24 18:44:05,902 [INFO] PluginManage:310 - Check plugin clock
2023-07-24 18:44:05,923 [INFO] PluginManage:359 - Loaded plugin clock (category:base,tabindex:2)
2023-07-24 18:44:05,923 [INFO] PluginManage:310 - Check plugin ddr
2023-07-24 18:44:05,926 [INFO] PluginManage:359 - Loaded plugin ddr (category:tool,tabindex:6)
2023-07-24 18:44:05,927 [INFO] PluginManage:310 - Check plugin filemanager
2023-07-24 18:44:06,059 [INFO] PluginManage:359 - Loaded plugin filemanager (category:base,tabindex:10)
2023-07-24 18:44:06,059 [INFO] PluginManage:310 - Check plugin ipmanager
2023-07-24 18:44:06,067 [INFO] PluginManage:359 - Loaded plugin ipmanager (category:base,tabindex:5)
2023-07-24 18:44:06,067 [INFO] PluginManage:310 - Check plugin lpbam
2023-07-24 18:44:06,084 [INFO] PluginManage:359 - Loaded plugin lpbam (category:base,tabindex:0)
2023-07-24 18:44:06,084 [INFO] PluginManage:310 - Check plugin memorymap
2023-07-24 18:44:06,109 [INFO] PluginManage:359 - Loaded plugin memorymap (category:base,tabindex:4)
2023-07-24 18:44:06,109 [INFO] PluginManage:310 - Check plugin pinoutandconfiguration
2023-07-24 18:44:06,124 [INFO] PluginManage:359 - Loaded plugin pinoutandconfiguration (category:base,tabindex:1)
2023-07-24 18:44:06,124 [INFO] PluginManage:310 - Check plugin pinoutconfig
2023-07-24 18:44:06,249 [WARN] SupportedApi:132 - Cannot load RTOS API schema: s4s-elt-must-match.1: The content of 'definitions' must match (annotation?, (simpleType | complexType)?, (unique | key | keyref)*)). A problem was found starting at: attribute.
2023-07-24 18:44:06,379 [INFO] PluginManage:359 - Loaded plugin pinoutconfig (category:base,tabindex:0)
2023-07-24 18:44:06,380 [INFO] PluginManage:310 - Check plugin power
2023-07-24 18:44:06,399 [INFO] PluginManage:359 - Loaded plugin power (category:power,tabindex:4)
2023-07-24 18:44:06,399 [INFO] PluginManage:310 - Check plugin projectmanager
2023-07-24 18:44:06,415 [INFO] PluginManage:359 - Loaded plugin projectmanager (category:projectmanager,tabindex:3)
2023-07-24 18:44:06,415 [INFO] PluginManage:310 - Check plugin thirdparty
2023-07-24 18:44:06,657 [INFO] PluginManage:359 - Loaded plugin thirdparty (category:base,tabindex:-1)
2023-07-24 18:44:06,657 [INFO] PluginManage:310 - Check plugin tools
2023-07-24 18:44:06,657 [WARN] IntegrityCheckThread:84 - waiting for thirdparty lock release [integrity check]
2023-07-24 18:44:06,657 [INFO] IntegrityCheckThread:86 - entering critical section [integrity check]
2023-07-24 18:44:06,657 [INFO] ThirdPartyUpdaterWithRetryManager:70 - Updater plugin not ready yet. [1/15]
2023-07-24 18:44:06,686 [INFO] PluginManage:359 - Loaded plugin tools (category:base,tabindex:7)
2023-07-24 18:44:06,686 [INFO] PluginManage:310 - Check plugin tutovideos
2023-07-24 18:44:06,869 [INFO] PluginManage:359 - Loaded plugin tutovideos (category:base,tabindex:-1)
2023-07-24 18:44:06,869 [INFO] PluginManage:310 - Check plugin updater
2023-07-24 18:44:06,881 [INFO] PluginManage:359 - Loaded plugin updater (category:base,tabindex:12)
2023-07-24 18:44:06,881 [INFO] PluginManage:310 - Check plugin userauth
2023-07-24 18:44:06,887 [INFO] UserAuth:113 - Init User Auth plugin
2023-07-24 18:44:06,887 [INFO] PluginManage:359 - Loaded plugin userauth (category:base,tabindex:14)
2023-07-24 18:44:06,887 [INFO] PluginManage:283 - PluginManage : Loaded plugins [17]
2023-07-24 18:44:07,130 [INFO] PinOutPanel:1499 - setPackage(No Configuration,No Configuration)
2023-07-24 18:44:07,269 [INFO] CADModel:165 - CPN selected for project level
2023-07-24 18:44:07,269 [INFO] CADModel:114 - Register for checkConnection events
2023-07-24 18:44:07,300 [INFO] IPUIPlugin:80 - create IPUIPlugin
2023-07-24 18:44:07,300 [INFO] PluginManager:220 - loadIPPluginJar : add adc
2023-07-24 18:44:07,342 [INFO] IPUIPlugin:80 - create IPUIPlugin
2023-07-24 18:44:07,342 [INFO] PluginManager:220 - loadIPPluginJar : add aes
2023-07-24 18:44:07,391 [INFO] IPUIPlugin:80 - create IPUIPlugin
2023-07-24 18:44:07,391 [INFO] PluginManager:220 - loadIPPluginJar : add can
2023-07-24 18:44:07,413 [INFO] IPUIPlugin:80 - create IPUIPlugin
2023-07-24 18:44:07,413 [INFO] PluginManager:220 - loadIPPluginJar : add comp
2023-07-24 18:44:07,442 [INFO] IPUIPlugin:80 - create IPUIPlugin
2023-07-24 18:44:07,442 [INFO] PluginManager:220 - loadIPPluginJar : add cryp
2023-07-24 18:44:07,468 [INFO] IPUIPlugin:80 - create IPUIPlugin
2023-07-24 18:44:07,468 [INFO] PluginManager:220 - loadIPPluginJar : add dfsdm
2023-07-24 18:44:07,483 [INFO] IPUIPlugin:80 - create IPUIPlugin
2023-07-24 18:44:07,483 [INFO] PluginManager:220 - loadIPPluginJar : add dma
2023-07-24 18:44:07,518 [INFO] IPUIPlugin:80 - create IPUIPlugin
2023-07-24 18:44:07,518 [INFO] PluginManager:220 - loadIPPluginJar : add dma3
2023-07-24 18:44:07,534 [INFO] IPUIPlugin:80 - create IPUIPlugin
2023-07-24 18:44:07,534 [INFO] PluginManager:220 - loadIPPluginJar : add fatfs
2023-07-24 18:44:07,582 [INFO] IPUIPlugin:80 - create IPUIPlugin
2023-07-24 18:44:07,582 [INFO] PluginManager:220 - loadIPPluginJar : add fmc
2023-07-24 18:44:07,608 [INFO] IPUIPlugin:80 - create IPUIPlugin
2023-07-24 18:44:07,608 [INFO] PluginManager:220 - loadIPPluginJar : add freertos
2023-07-24 18:44:07,631 [INFO] IPUIPlugin:80 - create IPUIPlugin
2023-07-24 18:44:07,631 [INFO] PluginManager:220 - loadIPPluginJar : add genericplugin
2023-07-24 18:44:07,734 [INFO] IPUIPlugin:80 - create IPUIPlugin
2023-07-24 18:44:07,734 [INFO] PluginManager:220 - loadIPPluginJar : add gfxmmu
2023-07-24 18:44:07,882 [INFO] IPUIPlugin:80 - create IPUIPlugin
2023-07-24 18:44:07,882 [INFO] PluginManager:220 - loadIPPluginJar : add gic
2023-07-24 18:44:07,907 [INFO] IPUIPlugin:80 - create IPUIPlugin
2023-07-24 18:44:07,907 [INFO] PluginManager:220 - loadIPPluginJar : add gpio
2023-07-24 18:44:08,038 [INFO] IPUIPlugin:80 - create IPUIPlugin
2023-07-24 18:44:08,038 [INFO] PluginManager:220 - loadIPPluginJar : add gtzc
2023-07-24 18:44:08,042 [INFO] IPUIPlugin:80 - create IPUIPlugin
2023-07-24 18:44:08,042 [INFO] PluginManager:220 - loadIPPluginJar : add hash
2023-07-24 18:44:08,116 [INFO] IPUIPlugin:80 - create IPUIPlugin
2023-07-24 18:44:08,116 [INFO] PluginManager:220 - loadIPPluginJar : add i2c
2023-07-24 18:44:08,196 [INFO] IPUIPlugin:80 - create IPUIPlugin
2023-07-24 18:44:08,196 [INFO] PluginManager:220 - loadIPPluginJar : add i2s
2023-07-24 18:44:08,249 [INFO] IPUIPlugin:80 - create IPUIPlugin
2023-07-24 18:44:08,249 [INFO] PluginManager:220 - loadIPPluginJar : add i3c
2023-07-24 18:44:08,377 [INFO] IPUIPlugin:80 - create IPUIPlugin
2023-07-24 18:44:08,378 [INFO] PluginManager:220 - loadIPPluginJar : add ipddr
2023-07-24 18:44:08,497 [INFO] IPUIPlugin:80 - create IPUIPlugin
2023-07-24 18:44:08,497 [INFO] PluginManager:220 - loadIPPluginJar : add linkedlist
2023-07-24 18:44:08,531 [INFO] IPUIPlugin:80 - create IPUIPlugin
2023-07-24 18:44:08,531 [INFO] PluginManager:220 - loadIPPluginJar : add lorawan
2023-07-24 18:44:08,567 [INFO] IPUIPlugin:80 - create IPUIPlugin
2023-07-24 18:44:08,567 [INFO] PluginManager:220 - loadIPPluginJar : add ltdc
2023-07-24 18:44:08,582 [INFO] IPUIPlugin:80 - create IPUIPlugin
2023-07-24 18:44:08,582 [INFO] PluginManager:220 - loadIPPluginJar : add mdma
2023-07-24 18:44:08,595 [INFO] IPUIPlugin:80 - create IPUIPlugin
2023-07-24 18:44:08,595 [INFO] PluginManager:220 - loadIPPluginJar : add nvic
2023-07-24 18:44:08,626 [INFO] IPUIPlugin:80 - create IPUIPlugin
2023-07-24 18:44:08,627 [INFO] PluginManager:220 - loadIPPluginJar : add opamp
2023-07-24 18:44:08,675 [INFO] IPUIPlugin:80 - create IPUIPlugin
2023-07-24 18:44:08,675 [INFO] PluginManager:220 - loadIPPluginJar : add openamp
2023-07-24 18:44:08,715 [INFO] IPUIPlugin:80 - create IPUIPlugin
2023-07-24 18:44:08,716 [INFO] PluginManager:220 - loadIPPluginJar : add pdm2pcm
2023-07-24 18:44:08,731 [INFO] IPUIPlugin:80 - create IPUIPlugin
2023-07-24 18:44:08,734 [INFO] PluginManager:220 - loadIPPluginJar : add plateformsettings
2023-07-24 18:44:08,737 [INFO] IPUIPlugin:80 - create IPUIPlugin
2023-07-24 18:44:08,737 [INFO] PluginManager:220 - loadIPPluginJar : add quadspi
2023-07-24 18:44:08,751 [INFO] IPUIPlugin:80 - create IPUIPlugin
2023-07-24 18:44:08,751 [INFO] PluginManager:220 - loadIPPluginJar : add resmgrutility
2023-07-24 18:44:08,803 [INFO] IPUIPlugin:80 - create IPUIPlugin
2023-07-24 18:44:08,803 [INFO] PluginManager:220 - loadIPPluginJar : add sai
2023-07-24 18:44:08,837 [INFO] IPUIPlugin:80 - create IPUIPlugin
2023-07-24 18:44:08,837 [INFO] PluginManager:220 - loadIPPluginJar : add spi
2023-07-24 18:44:08,900 [INFO] IPUIPlugin:80 - create IPUIPlugin
2023-07-24 18:44:08,901 [INFO] PluginManager:220 - loadIPPluginJar : add stm32_wpan
2023-07-24 18:44:08,925 [INFO] IPUIPlugin:80 - create IPUIPlugin
2023-07-24 18:44:08,925 [INFO] PluginManager:220 - loadIPPluginJar : add tim
2023-07-24 18:44:08,995 [INFO] IPUIPlugin:80 - create IPUIPlugin
2023-07-24 18:44:08,995 [INFO] PluginManager:220 - loadIPPluginJar : add touchsensing
2023-07-24 18:44:09,016 [INFO] IPUIPlugin:80 - create IPUIPlugin
2023-07-24 18:44:09,016 [INFO] PluginManager:220 - loadIPPluginJar : add tracer_emb
2023-07-24 18:44:09,039 [INFO] IPUIPlugin:80 - create IPUIPlugin
2023-07-24 18:44:09,039 [INFO] PluginManager:220 - loadIPPluginJar : add ts
2023-07-24 18:44:09,057 [INFO] IPUIPlugin:80 - create IPUIPlugin
2023-07-24 18:44:09,058 [INFO] PluginManager:220 - loadIPPluginJar : add tsc
2023-07-24 18:44:09,075 [INFO] IPUIPlugin:80 - create IPUIPlugin
2023-07-24 18:44:09,076 [INFO] PluginManager:220 - loadIPPluginJar : add ucpd
2023-07-24 18:44:09,118 [INFO] IPUIPlugin:80 - create IPUIPlugin
2023-07-24 18:44:09,118 [INFO] PluginManager:220 - loadIPPluginJar : add usart
2023-07-24 18:44:09,153 [INFO] IPUIPlugin:80 - create IPUIPlugin
2023-07-24 18:44:09,153 [INFO] PluginManager:220 - loadIPPluginJar : add usbx
2023-07-24 18:44:09,278 [INFO] CADModel:165 - CPN selected for project level
2023-07-24 18:44:09,278 [INFO] CADModel:114 - Register for checkConnection events
2023-07-24 18:44:09,278 [FATAL] Updater:308 - Updater called before beeing initialized
2023-07-24 18:44:09,278 [ERROR] CADModel:125 - Updater not yet initialized, retry later 
2023-07-24 18:44:09,437 [INFO] CADModel:165 - CPN selected for project level
2023-07-24 18:44:09,437 [INFO] CADModel:114 - Register for checkConnection events
2023-07-24 18:44:09,437 [FATAL] Updater:308 - Updater called before beeing initialized
2023-07-24 18:44:09,437 [ERROR] CADModel:125 - Updater not yet initialized, retry later 
2023-07-24 18:44:09,454 [FATAL] Updater:308 - Updater called before beeing initialized
2023-07-24 18:44:09,568 [FATAL] Updater:308 - Updater called before beeing initialized
2023-07-24 18:44:09,575 [INFO] DbMcusAds:53 - JSON generation date=Thu Sep 30 02:55:09 EDT 2021 (1632984909247)
2023-07-24 18:44:09,575 [FATAL] Updater:308 - Updater called before beeing initialized
2023-07-24 18:44:09,656 [WARN] DetailPanel:346 - Failed to get advertising image, set to default
2023-07-24 18:44:09,660 [INFO] ThirdPartyUpdaterWithRetryManager:70 - Updater plugin not ready yet. [2/15]
2023-07-24 18:44:09,749 [FATAL] Updater:308 - Updater called before beeing initialized
2023-07-24 18:44:09,752 [FATAL] Updater:308 - Updater called before beeing initialized
2023-07-24 18:44:09,752 [FATAL] Updater:308 - Updater called before beeing initialized
2023-07-24 18:44:09,752 [WARN] DetailPanel:346 - Failed to get advertising image, set to default
2023-07-24 18:44:09,754 [FATAL] Updater:308 - Updater called before beeing initialized
2023-07-24 18:44:09,815 [ERROR] Updater:1120 - MainUpdater not yet initialized. External WinMGr cannot be set.
2023-07-24 18:44:09,825 [INFO] Updater:1056 - Updater Version found : 6.9.0
2023-07-24 18:44:09,848 [INFO] ApplicationProperties:184 - Using Application install path: C:\ST\STM32CubeIDE_1.10.1\STM32CubeIDE\plugins\com.st.stm32cube.common.mx_6.9.0.202307051724
2023-07-24 18:44:09,961 [INFO] MainUpdater:521 - Copy updater definitions from MX database
2023-07-24 18:44:10,522 [INFO] MainUpdater:2868 - connection check result : 10
2023-07-24 18:44:10,522 [INFO] MainUpdater:3562 - Updater definition file requires update
2023-07-24 18:44:10,523 [INFO] MainUpdater:285 - Updater Check For Update Now.
2023-07-24 18:44:10,523 [INFO] MicroXplorer:498 - Change Database Version : DB.6.0.90
2023-07-24 18:44:10,614 [INFO] ServerAccessManage:473 - Download File updaters.zip
2023-07-24 18:44:10,689 [INFO] FileExtend:240 - Unzip File : updaters.zip
2023-07-24 18:44:10,689 [INFO] FileExtend:255 - Standard Zip Deflate
2023-07-24 18:44:11,147 [INFO] ServerAccessManage:473 - Download File PacksControlFlags.xml
2023-07-24 18:44:11,290 [INFO] ServerAccessManage:473 - Download File cubemx.pidx
2023-07-24 18:44:11,580 [INFO] ServerAccessManage:473 - Download File STMicroelectronics.FP-SNS-FLIGHT1.pdsc
2023-07-24 18:44:12,218 [INFO] ServerAccessManage:473 - Download File STMicroelectronics.X-CUBE-TOF1.pdsc
2023-07-24 18:44:12,665 [WARN] MainUpdater:1189 - Updater busy. Cannot search thirdparties
2023-07-24 18:44:12,666 [INFO] ThirdPartyUpdaterWithRetryManager:96 - Updater plugin is busy. [1/15]
2023-07-24 18:44:12,921 [ERROR] ServerAccessManage:1089 - Problem, file not found on Server
2023-07-24 18:44:13,483 [WARN] PackLoader:240 - Cannot read IP mode file for STMicroelectronics.FP-SNS-FLIGHT1.5.0.2
2023-07-24 18:44:13,505 [WARN] PackLoader:240 - Cannot read IP mode file for STMicroelectronics.X-CUBE-TOF1.3.3.1
2023-07-24 18:44:13,526 [INFO] PopulateThirdPartyThread:66 - Ending populate Thread
2023-07-24 18:44:13,529 [INFO] ThirdParty:1030 - CMSIS Pack Vendor :STMicroelectronics FP-SNS-FLIGHT1 5.0.2
2023-07-24 18:44:13,529 [INFO] ThirdParty:1030 - CMSIS Pack Vendor :STMicroelectronics X-CUBE-TOF1 3.3.1
2023-07-24 18:44:13,529 [INFO] LoadServerUpdatesThread:373 - End of LoadServerUpdate Thread
2023-07-24 18:44:13,581 [INFO] CheckServerUpdateThread:120 - End of CheckServer Thread
2023-07-24 18:44:13,673 [INFO] MainUpdater:2868 - connection check result : 10
2023-07-24 18:44:13,689 [INFO] MainUpdater:2868 - connection check result : 10
2023-07-24 18:44:13,918 [INFO] MicroXplorer:468 - Change Database Path : 
2023-07-24 18:44:13,918 [INFO] MicroXplorer:498 - Change Database Version : DB.6.0.90
2023-07-24 18:44:13,921 [WARN] ThirdParty:871 - waiting for thirdparty lock release [close project]
2023-07-24 18:44:15,901 [WARN] PackLoader:240 - Cannot read IP mode file for STMicroelectronics.X-CUBE-SMBUS.2.1.0
2023-07-24 18:44:15,934 [WARN] PackLoader:240 - Cannot read IP mode file for STMicroelectronics.X-CUBE-AZRTOS-F7.1.1.0
2023-07-24 18:44:15,955 [WARN] PackLoader:240 - Cannot read IP mode file for STMicroelectronics.FP-SNS-MOTENV1.4.3.2
2023-07-24 18:44:15,962 [WARN] PackLoader:240 - Cannot read IP mode file for STMicroelectronics.FP-SNS-FLIGHT1.5.0.1
2023-07-24 18:44:15,977 [WARN] PackLoader:240 - Cannot read IP mode file for STMicroelectronics.X-CUBE-BLE1.6.2.3
2023-07-24 18:44:15,992 [WARN] PackLoader:240 - Cannot read IP mode file for STMicroelectronics.X-CUBE-BLE1.6.2.4
2023-07-24 18:44:15,995 [WARN] PackLoader:240 - Cannot read IP mode file for STMicroelectronics.FP-SNS-FLIGHT1.5.0.2
2023-07-24 18:44:16,010 [WARN] PackLoader:240 - Cannot read IP mode file for STMicroelectronics.X-CUBE-DISPLAY.3.0.0
2023-07-24 18:44:16,028 [WARN] PackLoader:240 - Cannot read IP mode file for STMicroelectronics.X-CUBE-TOUCHGFX.4.22.0
2023-07-24 18:44:16,087 [WARN] PackLoader:240 - Cannot read IP mode file for STMicroelectronics.X-CUBE-MEMS1.9.3.0
2023-07-24 18:44:16,254 [WARN] PackLoader:240 - Cannot read IP mode file for STMicroelectronics.X-CUBE-AI.7.2.0
2023-07-24 18:44:16,280 [INFO] LogOutputStream:77 - [STDOUT_REDIRECT] 1 : Invalid condition id : UX_CORESTACK_Condition cause : null
2023-07-24 18:44:16,280 [INFO] LogOutputStream:77 - [STDOUT_REDIRECT] 1 : Invalid condition id : UX_CORESTACK_Condition cause : null
2023-07-24 18:44:16,281 [INFO] LogOutputStream:77 - [STDOUT_REDIRECT] 1 : Invalid condition id : UX_CORESTACK_Condition cause : null
2023-07-24 18:44:16,283 [INFO] LogOutputStream:77 - [STDOUT_REDIRECT] 1 : Invalid condition id : UX_CORESTACK_Condition cause : null
2023-07-24 18:44:16,285 [INFO] LogOutputStream:77 - [STDOUT_REDIRECT] 1 : Invalid condition id : UX_CORESTACK_Condition cause : null
2023-07-24 18:44:16,288 [WARN] PackLoader:240 - Cannot read IP mode file for STMicroelectronics.X-CUBE-AZRTOS-WL.2.0.0
2023-07-24 18:44:16,308 [WARN] PackLoader:240 - Cannot read IP mode file for WES.I-CUBE-Cesium.1.3.0
2023-07-24 18:44:16,325 [WARN] PackLoader:240 - Cannot read IP mode file for STMicroelectronics.X-CUBE-BLE2.3.3.0
2023-07-24 18:44:16,341 [WARN] PackLoader:240 - Cannot read IP mode file for STMicroelectronics.X-CUBE-DISPLAY.2.2.0
2023-07-24 18:44:16,362 [WARN] PackLoader:240 - Cannot read IP mode file for STMicroelectronics.X-CUBE-TOF1.3.2.0
2023-07-24 18:44:16,381 [WARN] PackLoader:240 - Cannot read IP mode file for STMicroelectronics.X-CUBE-ISPU.1.0.0
2023-07-24 18:44:16,418 [WARN] PackLoader:240 - Cannot read IP mode file for STMicroelectronics.X-CUBE-AZRTOS-H7.2.1.0
2023-07-24 18:44:16,441 [WARN] PackLoader:240 - Cannot read IP mode file for STMicroelectronics.X-CUBE-ALGOBUILD.1.3.0
2023-07-24 18:44:16,482 [WARN] PackLoader:240 - Cannot read IP mode file for STMicroelectronics.X-CUBE-AZRTOS-G0.1.1.0
2023-07-24 18:44:16,501 [WARN] PackLoader:240 - Cannot read IP mode file for STMicroelectronics.X-CUBE-NFC4.3.0.0
2023-07-24 18:44:16,546 [WARN] PackLoader:240 - Cannot read IP mode file for SEGGER.I-CUBE-embOS.1.2.1
2023-07-24 18:44:16,596 [WARN] PackLoader:240 - Cannot read IP mode file for STMicroelectronics.FP-ATR-SIGFOX1.3.2.0
2023-07-24 18:44:16,613 [WARN] PackLoader:240 - Cannot read IP mode file for emotas.I-CUBE-CANOPEN.1.1.2
2023-07-24 18:44:16,626 [WARN] PackLoader:240 - Cannot read IP mode file for STMicroelectronics.X-CUBE-TOUCHGFX.4.20.0
2023-07-24 18:44:16,661 [WARN] PackLoader:240 - Cannot read IP mode file for SEGGER.I-CUBE-embOS.1.3.1
2023-07-24 18:44:16,710 [WARN] PackLoader:240 - Cannot read IP mode file for STMicroelectronics.X-CUBE-GNSS1.6.0.0
2023-07-24 18:44:16,740 [WARN] PackLoader:240 - Cannot read IP mode file for STMicroelectronics.X-CUBE-AZRTOS-F4.1.1.0
2023-07-24 18:44:16,756 [WARN] PackLoader:240 - Cannot read IP mode file for STMicroelectronics.X-CUBE-BLEMGR.1.2.0
2023-07-24 18:44:16,798 [WARN] PackLoader:240 - Cannot read IP mode file for STMicroelectronics.X-CUBE-MEMS1.9.6.0
2023-07-24 18:44:16,973 [WARN] PackLoader:240 - Cannot read IP mode file for STMicroelectronics.X-CUBE-BLEMGR.2.0.0
2023-07-24 18:44:16,992 [WARN] PackLoader:240 - Cannot read IP mode file for STMicroelectronics.X-CUBE-NFC4.2.0.4
2023-07-24 18:44:17,031 [WARN] ConditionMgr:438 - getConditionDescription Invalid condition id : UX DEVICE CLASS RTOS Condition cause : null
2023-07-24 18:44:17,033 [WARN] ConditionMgr:438 - getConditionDescription Invalid condition id : UX DEVICE CLASS RTOS Condition cause : null
2023-07-24 18:44:17,037 [WARN] PackLoader:240 - Cannot read IP mode file for STMicroelectronics.X-CUBE-AZRTOS-H7.3.1.0
2023-07-24 18:44:17,039 [WARN] ConditionMgr:1039 - genDependencies : Invalid condition id : UX DEVICE CLASS RTOS Condition cause : null
2023-07-24 18:44:17,039 [WARN] ConditionMgr:1039 - genDependencies : Invalid condition id : UX DEVICE CLASS RTOS Condition cause : null
2023-07-24 18:44:17,040 [WARN] ConditionMgr:1039 - genDependencies : Invalid condition id : UX DEVICE CLASS RTOS Condition cause : null
2023-07-24 18:44:17,041 [WARN] ConditionMgr:1039 - genDependencies : Invalid condition id : UX DEVICE CLASS RTOS Condition cause : null
2023-07-24 18:44:17,041 [WARN] ConditionMgr:1039 - genDependencies : Invalid condition id : UX DEVICE CLASS RTOS Condition cause : null
2023-07-24 18:44:17,061 [WARN] PackLoader:240 - Cannot read IP mode file for wolfSSL.I-CUBE-wolfSSL.5.5.1
2023-07-24 18:44:17,076 [WARN] PackLoader:240 - Cannot read IP mode file for STMicroelectronics.X-CUBE-NFC7.1.0.1
2023-07-24 18:44:17,095 [WARN] PackLoader:240 - Cannot read IP mode file for STMicroelectronics.X-CUBE-NFC7.1.0.0
2023-07-24 18:44:17,119 [WARN] PackLoader:240 - Cannot read IP mode file for STMicroelectronics.X-CUBE-EEPRMA1.4.1.0
2023-07-24 18:44:17,163 [WARN] ConditionMgr:438 - getConditionDescription Invalid condition id : LAN8742 Phy interface Condition cause : null
2023-07-24 18:44:17,164 [WARN] PackLoader:240 - Cannot read IP mode file for STMicroelectronics.X-CUBE-AZRTOS-L4.2.0.0
2023-07-24 18:44:17,166 [WARN] ConditionMgr:1039 - genDependencies : Invalid condition id : LAN8742 Phy interface Condition cause : null
2023-07-24 18:44:17,167 [WARN] ConditionMgr:1039 - genDependencies : Invalid condition id : LAN8742 Phy interface Condition cause : null
2023-07-24 18:44:17,167 [WARN] ConditionMgr:1039 - genDependencies : Invalid condition id : LAN8742 Phy interface Condition cause : null
2023-07-24 18:44:17,193 [WARN] PackLoader:240 - Cannot read IP mode file for STMicroelectronics.X-CUBE-SFXS2LP1.4.0.0
2023-07-24 18:44:17,211 [WARN] PackLoader:240 - Cannot read IP mode file for STMicroelectronics.X-CUBE-ISPU.1.1.0
2023-07-24 18:44:17,235 [WARN] PackLoader:240 - Cannot read IP mode file for RoweBots.I-CUBE-UNISONRTOS.5.5.0-4
2023-07-24 18:44:17,259 [WARN] PackLoader:240 - Cannot read IP mode file for STMicroelectronics.X-CUBE-FREERTOS.1.0.1
2023-07-24 18:44:17,294 [WARN] PackLoader:240 - Cannot read IP mode file for STMicroelectronics.X-CUBE-AZRTOS-L5.1.1.0
2023-07-24 18:44:17,310 [WARN] PackLoader:240 - Cannot read IP mode file for STMicroelectronics.X-CUBE-AI.8.0.1
2023-07-24 18:44:17,335 [WARN] PackLoader:240 - Cannot read IP mode file for STMicroelectronics.X-CUBE-SUBG2.5.0.0
2023-07-24 18:44:17,350 [WARN] PackLoader:240 - Cannot read IP mode file for STMicroelectronics.X-CUBE-TOF1.3.3.1
2023-07-24 18:44:17,386 [WARN] PackLoader:240 - Cannot read IP mode file for STMicroelectronics.X-CUBE-AZRTOS-G4.2.0.0
2023-07-24 18:44:17,409 [WARN] PackLoader:240 - Cannot read IP mode file for STMicroelectronics.X-CUBE-TOF1.3.3.0
2023-07-24 18:44:17,437 [WARN] PackLoader:240 - Cannot read IP mode file for STMicroelectronics.FP-ATR-ASTRA1.1.1.1
2023-07-24 18:44:17,460 [WARN] PackLoader:240 - Cannot read IP mode file for STMicroelectronics.X-CUBE-AZRTOS-G4.1.0.0
2023-07-24 18:44:17,483 [WARN] PackLoader:240 - Cannot read IP mode file for STMicroelectronics.X-CUBE-AZRTOS-L4.1.0.0
2023-07-24 18:44:17,508 [WARN] PackLoader:240 - Cannot read IP mode file for STMicroelectronics.X-CUBE-AZRTOS-WL.1.0.0
2023-07-24 18:44:17,522 [WARN] PackLoader:240 - Cannot read IP mode file for portGmbH.I-Cube-SoM-uGOAL.1.1.0
2023-07-24 18:44:17,536 [WARN] PackLoader:240 - Cannot read IP mode file for STMicroelectronics.X-CUBE-ALS.1.0.1
2023-07-24 18:44:17,559 [WARN] PackLoader:240 - Cannot read IP mode file for STMicroelectronics.X-CUBE-AZRTOS-WB.1.1.0
2023-07-24 18:44:17,581 [WARN] PackLoader:240 - Cannot read IP mode file for STMicroelectronics.X-CUBE-AZRTOS-L5.1.0.0
2023-07-24 18:44:17,594 [WARN] PackLoader:240 - Cannot read IP mode file for STMicroelectronics.X-CUBE-EEPRMA1.3.1.1
2023-07-24 18:44:17,598 [WARN] PackLoader:240 - Cannot read IP mode file for STMicroelectronics.FP-ATR-ASTRA1.2.0.0
2023-07-24 18:44:17,599 [INFO] ThirdParty:978 - Integrity check success = true
2023-07-24 18:44:17,599 [INFO] IntegrityCheckThread:100 - exiting critical section [integrity check]
2023-07-24 18:44:17,600 [INFO] IntegrityCheckThread:103 - End integrity checks thread
2023-07-24 18:44:17,600 [INFO] ThirdParty:873 - entering critical section [close project]
2023-07-24 18:44:17,602 [INFO] ThirdParty:883 - exiting critical section [close project]
2023-07-24 18:44:17,604 [INFO] PinOutPanel:1499 - setPackage(No Configuration,No Configuration)
2023-07-24 18:44:17,612 [INFO] UtilMem:75 - Begin LoadConfig() Used Memory: 144606200 Bytes (270532608)
2023-07-24 18:44:45,516 [INFO] ServerAccessManage:473 - Download File stm32cube_db_v6081.zip
2023-07-24 18:44:54,999 [INFO] FileExtend:240 - Unzip File : stm32cube_db_v6081.zip
2023-07-24 18:44:55,000 [INFO] FileExtend:255 - Standard Zip Deflate
2023-07-24 18:45:02,268 [INFO] LoadServerPackagesThread:196 - End of LoadServerPackages Thread
2023-07-24 18:45:02,437 [INFO] CheckServerUpdateThread:120 - End of CheckServer Thread
2023-07-24 18:45:02,457 [INFO] JxBrowserEngine:151 - Initiate JxBrowser Engine with user profile folder
2023-07-24 18:45:06,842 [INFO] WebApp:157 - Instantiating new browser for Auth
2023-07-24 18:45:07,366 [INFO] WebApp:753 - Register for checkConnection events
2023-07-24 18:45:07,366 [INFO] WebApp:390 - Apply proxy settings
2023-07-24 18:45:07,366 [INFO] WebApp:475 - Chromium requires no authentication
2023-07-24 18:45:07,375 [INFO] WebApp:418 - Direct internet connection detected
2023-07-24 18:45:07,524 [INFO] WebApp:188 - Starting web application
2023-07-24 18:45:07,525 [INFO] WebApp:520 - Web application path used C:\ST\STM32CubeIDE_1.10.1\STM32CubeIDE\plugins\com.st.stm32cube.common.mx_6.9.0.202307051724\db\plugins\mcufinder\reactClient1\index.html
2023-07-24 18:46:04,085 [INFO] LogOutputStream:77 - [STDOUT_REDIRECT] 
2023-07-24 18:46:05,436 [INFO] McuFinderGlobals:63 - Set McuFinder mode to 2 (CubeIDE integrated)
2023-07-24 18:46:05,437 [INFO] UserAuth:179 - activating auth plugin
2023-07-24 18:46:05,441 [INFO] UserAuth:393 - Internet connection configuration mode: 1
2023-07-24 18:46:27,202 [ERROR] LogOutputStream:75 - [STDERR_REDIRECT] SLF4J: Failed to load class "org.slf4j.impl.StaticLoggerBinder".
2023-07-24 18:46:27,203 [ERROR] LogOutputStream:75 - [STDERR_REDIRECT] SLF4J: Defaulting to no-operation (NOP) logger implementation
2023-07-24 18:46:27,203 [ERROR] LogOutputStream:75 - [STDERR_REDIRECT] SLF4J: See http://www.slf4j.org/codes.html#StaticLoggerBinder for further details.
2023-07-24 19:01:34,559 [INFO] MainUpdater:2868 - connection check result : 10
2023-07-24 19:01:34,559 [INFO] MainUpdater:2868 - connection check result : 10
2023-07-24 19:01:34,571 [INFO] MicroXplorer:468 - Change Database Path : 
2023-07-24 19:01:34,571 [INFO] MicroXplorer:498 - Change Database Version : DB.6.0.90
2023-07-24 19:01:34,572 [WARN] ThirdParty:871 - waiting for thirdparty lock release [close project]
2023-07-24 19:01:34,572 [INFO] ThirdParty:873 - entering critical section [close project]
2023-07-24 19:01:34,572 [INFO] ThirdParty:883 - exiting critical section [close project]
2023-07-24 19:01:34,572 [INFO] PinOutPanel:1499 - setPackage(No Configuration,No Configuration)
2023-07-24 19:01:34,573 [INFO] UtilMem:75 - Begin LoadConfig() Used Memory: 576821848 Bytes (762314752)
2023-07-24 19:01:34,582 [INFO] MicroXplorer:468 - Change Database Path : C:/Users/navta/.stm32cubemx/databases/DB.6.0.81/db/
2023-07-24 19:01:34,582 [INFO] MicroXplorer:498 - Change Database Version : DB.6.0.81
2023-07-24 19:01:38,360 [INFO] OpenFileManager:308 - Change cursor
2023-07-24 19:01:38,408 [INFO] Mcu:1946 - Initializing MCU STM32L552Z(C-E)TxQ STM32L552ZETxQ STM32L552ZET6Q
2023-07-24 19:01:39,456 [WARN] Context:676 - Trying to add IP FREERTOS in context CortexM33 not assigned to a contextSplit
2023-07-24 19:01:39,703 [WARN] Context:676 - Trying to add IP PWR in context CortexM33 not assigned to a contextSplit
2023-07-24 19:01:39,732 [WARN] Context:676 - Trying to add IP RCC in context CortexM33 not assigned to a contextSplit
2023-07-24 19:01:39,754 [WARN] Context:676 - Trying to add IP RTC in context CortexM33 not assigned to a contextSplit
2023-07-24 19:01:39,906 [WARN] Context:676 - Trying to add IP SYS in context CortexM33 not assigned to a contextSplit
2023-07-24 19:01:39,959 [WARN] Context:676 - Trying to add IP TAMP in context CortexM33 not assigned to a contextSplit
2023-07-24 19:01:41,302 [INFO] Context:659 - Trying to add GPIOservice into a context  which must be forbidden
2023-07-24 19:01:41,302 [INFO] Context:659 - Trying to add GPIOservice into a context  which must be forbidden
2023-07-24 19:01:41,302 [INFO] Context:659 - Trying to add GPIOservice into a context  which must be forbidden
2023-07-24 19:01:41,302 [WARN] Context:676 - Trying to add IP GPIO in context CortexM33 not assigned to a contextSplit
2023-07-24 19:01:41,329 [WARN] Context:676 - Trying to add IP DMA in context CortexM33 not assigned to a contextSplit
2023-07-24 19:01:41,336 [WARN] Context:676 - Trying to add IP NVIC2 in context CortexM33 not assigned to a contextSplit
2023-07-24 19:01:42,233 [INFO] RtosManager:555 - Registered RTOS mode: class=CMSIS, group=RTOS, mode=CMSIS_V1, owner=FREERTOS
2023-07-24 19:01:42,233 [INFO] RtosManager:555 - Registered RTOS mode: class=CMSIS, group=RTOS2, mode=CMSIS_V2, owner=FREERTOS
2023-07-24 19:01:42,233 [INFO] RtosManager:555 - Registered RTOS mode: class=RTOS, group=Core, mode=CMSIS_V1, owner=FREERTOS
2023-07-24 19:01:42,233 [INFO] RtosManager:555 - Registered RTOS mode: class=RTOS, group=Core, mode=CMSIS_V2, owner=FREERTOS
2023-07-24 19:01:42,234 [WARN] ModelIntegratedComponent:184 - Missing modes for component STMicroelectronics:FreeRTOS:0.0.1:STMicroelectronics:RTOS:FreeRTOS:Core:::10.2.0:
2023-07-24 19:01:42,251 [WARN] ModelIntegratedComponent:63 - No mode defined for component null
2023-07-24 19:01:42,252 [WARN] ModelIntegratedComponent:63 - No mode defined for component null
2023-07-24 19:01:42,252 [WARN] ModelIntegratedComponent:63 - No mode defined for component null
2023-07-24 19:01:42,252 [WARN] ModelIntegratedComponent:63 - No mode defined for component null
2023-07-24 19:01:42,252 [WARN] ModelIntegratedComponent:63 - No mode defined for component null
2023-07-24 19:01:42,252 [WARN] ModelIntegratedComponent:63 - No mode defined for component null
2023-07-24 19:01:42,252 [WARN] ModelIntegratedComponent:63 - No mode defined for component null
2023-07-24 19:01:42,252 [WARN] ModelIntegratedComponent:63 - No mode defined for component null
2023-07-24 19:01:42,252 [WARN] ModelIntegratedComponent:63 - No mode defined for component null
2023-07-24 19:01:42,252 [WARN] ModelIntegratedComponent:63 - No mode defined for component null
2023-07-24 19:01:42,252 [WARN] ModelIntegratedComponent:63 - No mode defined for component null
2023-07-24 19:01:42,252 [WARN] ModelIntegratedComponent:63 - No mode defined for component null
2023-07-24 19:01:42,252 [WARN] ModelIntegratedComponent:63 - No mode defined for component null
2023-07-24 19:01:42,252 [WARN] ModelIntegratedComponent:63 - No mode defined for component null
2023-07-24 19:01:42,252 [WARN] ModelIntegratedComponent:63 - No mode defined for component null
2023-07-24 19:01:42,252 [WARN] ModelIntegratedComponent:63 - No mode defined for component null
2023-07-24 19:01:42,252 [WARN] ModelIntegratedComponent:63 - No mode defined for component null
2023-07-24 19:01:42,252 [WARN] ModelIntegratedComponent:63 - No mode defined for component null
2023-07-24 19:01:42,252 [WARN] ModelIntegratedComponent:63 - No mode defined for component null
2023-07-24 19:01:42,252 [WARN] ModelIntegratedComponent:63 - No mode defined for component null
2023-07-24 19:01:42,253 [WARN] ModelIntegratedComponent:63 - No mode defined for component null
2023-07-24 19:01:42,253 [WARN] ModelIntegratedComponent:63 - No mode defined for component null
2023-07-24 19:01:42,253 [WARN] ModelIntegratedComponent:63 - No mode defined for component null
2023-07-24 19:01:42,253 [WARN] ModelIntegratedComponent:63 - No mode defined for component null
2023-07-24 19:01:42,253 [WARN] ModelIntegratedComponent:63 - No mode defined for component null
2023-07-24 19:01:42,253 [WARN] ModelIntegratedComponent:63 - No mode defined for component null
2023-07-24 19:01:42,253 [WARN] ModelIntegratedComponent:63 - No mode defined for component null
2023-07-24 19:01:42,253 [WARN] ModelIntegratedComponent:63 - No mode defined for component null
2023-07-24 19:01:42,253 [WARN] ModelIntegratedComponent:63 - No mode defined for component null
2023-07-24 19:01:42,253 [WARN] ModelIntegratedComponent:63 - No mode defined for component null
2023-07-24 19:01:42,253 [WARN] ModelIntegratedComponent:63 - No mode defined for component null
2023-07-24 19:01:42,253 [WARN] ModelIntegratedComponent:63 - No mode defined for component null
2023-07-24 19:01:42,253 [WARN] ModelIntegratedComponent:63 - No mode defined for component null
2023-07-24 19:01:42,359 [INFO] ThirdPartyModel:298 - Start build external matchings
2023-07-24 19:01:42,932 [INFO] ThirdPartyModel:316 - End build external matchings
2023-07-24 19:01:42,957 [INFO] RtosManager:919 - Current active RTOS is FREERTOS [CortexM33]
2023-07-24 19:01:42,969 [INFO] ImportTextPane:194 - (OptionalMessage_ERROR) IP (ADC1) : Parameter (CommonPathInternal) has invalid value (null|null|null|null)
2023-07-24 19:01:42,969 [INFO] ImportTextPane:194 - (OptionalMessage_ERROR) IP (DMA) : Parameter (Instance) has Id (TIM5_CH1) currently not set
2023-07-24 19:01:42,969 [INFO] ImportTextPane:194 - (OptionalMessage_ERROR) IP (DMA) : Parameter (Request) has Id (TIM5_CH1) currently not set
2023-07-24 19:01:42,969 [INFO] ImportTextPane:194 - (OptionalMessage_ERROR) IP (DMA) : Parameter (Direction) has Id (TIM5_CH1) currently not set
2023-07-24 19:01:42,969 [INFO] ImportTextPane:194 - (OptionalMessage_ERROR) IP (DMA) : Parameter (PeriphInc) has Id (TIM5_CH1) currently not set
2023-07-24 19:01:42,969 [INFO] ImportTextPane:194 - (OptionalMessage_ERROR) IP (DMA) : Parameter (MemInc) has Id (TIM5_CH1) currently not set
2023-07-24 19:01:42,970 [INFO] ImportTextPane:194 - (OptionalMessage_ERROR) IP (DMA) : Parameter (PeriphDataAlignment) has Id (TIM5_CH1) currently not set
2023-07-24 19:01:42,970 [INFO] ImportTextPane:194 - (OptionalMessage_ERROR) IP (DMA) : Parameter (MemDataAlignment) has Id (TIM5_CH1) currently not set
2023-07-24 19:01:42,970 [INFO] ImportTextPane:194 - (OptionalMessage_ERROR) IP (DMA) : Parameter (Mode) has Id (TIM5_CH1) currently not set
2023-07-24 19:01:42,970 [INFO] ImportTextPane:194 - (OptionalMessage_ERROR) IP (DMA) : Parameter (Priority) has Id (TIM5_CH1) currently not set
2023-07-24 19:01:42,970 [INFO] ImportTextPane:194 - (OptionalMessage_ERROR) IP (DMA) : Parameter (SignalID) has Id (TIM5_CH1) currently not set
2023-07-24 19:01:42,970 [INFO] ImportTextPane:194 - (OptionalMessage_ERROR) IP (DMA) : Parameter (Polarity) has Id (TIM5_CH1) currently not set
2023-07-24 19:01:42,971 [INFO] ImportTextPane:194 - (OptionalMessage_ERROR) IP (DMA) : Parameter (RequestNumber) has Id (TIM5_CH1) currently not set
2023-07-24 19:01:42,971 [INFO] ImportTextPane:194 - (OptionalMessage_ERROR) IP (DMA) : Parameter (SyncSignalID) has Id (TIM5_CH1) currently not set
2023-07-24 19:01:42,971 [INFO] ImportTextPane:194 - (OptionalMessage_ERROR) IP (DMA) : Parameter (SyncPolarity) has Id (TIM5_CH1) currently not set
2023-07-24 19:01:42,971 [INFO] ImportTextPane:194 - (OptionalMessage_ERROR) IP (DMA) : Parameter (SyncEnable) has Id (TIM5_CH1) currently not set
2023-07-24 19:01:42,971 [INFO] ImportTextPane:194 - (OptionalMessage_ERROR) IP (DMA) : Parameter (EventEnable) has Id (TIM5_CH1) currently not set
2023-07-24 19:01:42,971 [INFO] ImportTextPane:194 - (OptionalMessage_ERROR) IP (DMA) : Parameter (SyncRequestNumber) has Id (TIM5_CH1) currently not set
2023-07-24 19:01:42,971 [INFO] ImportTextPane:194 - (OptionalMessage_ERROR) IP (DMA) : Parameter (Channel_PRIV_NPRIV) has Id (TIM5_CH1) currently not set
2023-07-24 19:01:42,971 [INFO] ImportTextPane:194 - (OptionalMessage_ERROR) IP (DMA) : Parameter (Instance) has Id (TIM5_CH2) currently not set
2023-07-24 19:01:42,971 [INFO] ImportTextPane:194 - (OptionalMessage_ERROR) IP (DMA) : Parameter (Request) has Id (TIM5_CH2) currently not set
2023-07-24 19:01:42,971 [INFO] ImportTextPane:194 - (OptionalMessage_ERROR) IP (DMA) : Parameter (Direction) has Id (TIM5_CH2) currently not set
2023-07-24 19:01:42,971 [INFO] ImportTextPane:194 - (OptionalMessage_ERROR) IP (DMA) : Parameter (PeriphInc) has Id (TIM5_CH2) currently not set
2023-07-24 19:01:42,971 [INFO] ImportTextPane:194 - (OptionalMessage_ERROR) IP (DMA) : Parameter (MemInc) has Id (TIM5_CH2) currently not set
2023-07-24 19:01:42,971 [INFO] ImportTextPane:194 - (OptionalMessage_ERROR) IP (DMA) : Parameter (PeriphDataAlignment) has Id (TIM5_CH2) currently not set
2023-07-24 19:01:42,971 [INFO] ImportTextPane:194 - (OptionalMessage_ERROR) IP (DMA) : Parameter (MemDataAlignment) has Id (TIM5_CH2) currently not set
2023-07-24 19:01:42,971 [INFO] ImportTextPane:194 - (OptionalMessage_ERROR) IP (DMA) : Parameter (Mode) has Id (TIM5_CH2) currently not set
2023-07-24 19:01:42,971 [INFO] ImportTextPane:194 - (OptionalMessage_ERROR) IP (DMA) : Parameter (Priority) has Id (TIM5_CH2) currently not set
2023-07-24 19:01:42,971 [INFO] ImportTextPane:194 - (OptionalMessage_ERROR) IP (DMA) : Parameter (SignalID) has Id (TIM5_CH2) currently not set
2023-07-24 19:01:42,972 [INFO] ImportTextPane:194 - (OptionalMessage_ERROR) IP (DMA) : Parameter (Polarity) has Id (TIM5_CH2) currently not set
2023-07-24 19:01:42,972 [INFO] ImportTextPane:194 - (OptionalMessage_ERROR) IP (DMA) : Parameter (RequestNumber) has Id (TIM5_CH2) currently not set
2023-07-24 19:01:42,972 [INFO] ImportTextPane:194 - (OptionalMessage_ERROR) IP (DMA) : Parameter (SyncSignalID) has Id (TIM5_CH2) currently not set
2023-07-24 19:01:42,972 [INFO] ImportTextPane:194 - (OptionalMessage_ERROR) IP (DMA) : Parameter (SyncPolarity) has Id (TIM5_CH2) currently not set
2023-07-24 19:01:42,972 [INFO] ImportTextPane:194 - (OptionalMessage_ERROR) IP (DMA) : Parameter (SyncEnable) has Id (TIM5_CH2) currently not set
2023-07-24 19:01:42,972 [INFO] ImportTextPane:194 - (OptionalMessage_ERROR) IP (DMA) : Parameter (EventEnable) has Id (TIM5_CH2) currently not set
2023-07-24 19:01:42,972 [INFO] ImportTextPane:194 - (OptionalMessage_ERROR) IP (DMA) : Parameter (SyncRequestNumber) has Id (TIM5_CH2) currently not set
2023-07-24 19:01:42,972 [INFO] ImportTextPane:194 - (OptionalMessage_ERROR) IP (DMA) : Parameter (Channel_PRIV_NPRIV) has Id (TIM5_CH2) currently not set
2023-07-24 19:01:42,983 [INFO] ImportTextPane:194 - (OptionalMessage_ERROR) IP (RCC) : Invalid parameter (FamilyName)
2023-07-24 19:01:44,085 [INFO] UtilMem:75 - End LoadConfig() Used Memory: 200013560 Bytes (723517440)
2023-07-24 19:01:44,303 [INFO] ApiDb:581 - Connected to CubeFinder SQLite database (C:\Users\navta\.stmcufinder\plugins\mcufinder\mcu\cube-finder-db.db)
2023-07-24 19:01:44,406 [INFO] ApiDb:668 - CubeFinder database Data Model version=2.1
2023-07-24 19:01:44,406 [INFO] ApiDb:669 - CubeFinder database Configuration version=3.0.37
2023-07-24 19:01:44,408 [INFO] ApiDb:670 - CubeFinder database generation date=2023-06-26 (1687786131)
2023-07-24 19:01:44,408 [INFO] ApiDb:671 - CubeFinder database FW Pack versions=[FP-ATR-ASTRA1_V2.0.0, FP-SNS-FLIGHT1_V5.0.1, FP-SNS-MOTENV1_V4.3.1, STM32Cube_FW_C0_V1.1.0, STM32Cube_FW_F4_V1.27.1, STM32Cube_FW_F7_V1.17.0, STM32Cube_FW_G0_V1.6.1, STM32Cube_FW_G4_V1.5.1, STM32Cube_FW_H5_V0.5.1, STM32Cube_FW_H5_V1.1.0, STM32Cube_FW_H7_V1.11.0, STM32Cube_FW_L0_V1.12.2, STM32Cube_FW_L5_V1.5.0, STM32Cube_FW_U5_V1.3.0, STM32Cube_FW_U5_V1.3.0RC4, STM32Cube_FW_WBA_V1.0.0RC1, STM32Cube_FW_WBA_V1.1.0, STM32Cube_FW_WBA_V1.1.0RC1, STM32Cube_FW_WB_V1.15.0RC1, STM32Cube_FW_WB_V1.16.0, STM32Cube_FW_WB_V1.16.0RC2, STM32Cube_FW_WB_V1.17.0, STM32Cube_FW_WL_V1.3.0, X-CUBE-ALGOBUILD_V1.3.0, X-CUBE-ALS_V1.0.1, X-CUBE-AZRTOS-F4_V1.1.0, X-CUBE-AZRTOS-F7_V1.1.0, X-CUBE-AZRTOS-G0_V1.1.0, X-CUBE-AZRTOS-G4_V2.0.0, X-CUBE-AZRTOS-H7_V3.1.0, X-CUBE-AZRTOS-L4_V1.0.0, X-CUBE-AZRTOS-L4_V2.0.0, X-CUBE-AZRTOS-L5_V1.1.0, X-CUBE-AZRTOS-WB_V1.1.0, X-CUBE-AZRTOS-WL_V2.0.0, X-CUBE-BLE1_V6.2.4, X-CUBE-BLE2_V3.3.0, X-CUBE-BLEMGR_V2.0.0, X-CUBE-EEPRMA1_V4.1.0, X-CUBE-FREERTOS_V1.0.1, X-CUBE-GNSS1_V6.0.0, X-CUBE-MEMS1_V9.1.0, X-CUBE-MEMS1_V9.4.0, X-CUBE-MEMS1_V9.6.0, X-CUBE-NFC4_V3.0.0, X-CUBE-NFC7_V1.0.0, X-CUBE-SFXS2LP1_V4.0.0, X-CUBE-SUBG2_V5.0.0]
2023-07-24 19:01:46,762 [INFO] ApiDb:240 - Found 323 in-development CPN: [B-G473E-ZEST1S, B-WB1M-WPAN1, B-WL5M-SUBG1, NUCLEO-C031C6, NUCLEO-H503RB, NUCLEO-H563ZI, NUCLEO-U545RE-Q, NUCLEO-U5A5ZJ-Q, NUCLEO-WBA52CG, STEVAL-PROTEUS1, STEVAL-SMARTAG2, STEVAL-STWINBX1, STM320518-EVAL, STM32C0116-DK, STM32C011D6Y3TR, STM32C011D6Y6TR, STM32C011F4P3, STM32C011F4P6, STM32C011F4U3, STM32C011F4U6TR, STM32C011F6P3, STM32C011F6P6, STM32C011F6U3, STM32C011F6U6TR, STM32C011J4M3, STM32C011J4M6, STM32C011J6M3, STM32C011J6M6, STM32C0316-DK, STM32C031C4T3, STM32C031C4T6, STM32C031C4U3, STM32C031C4U6, STM32C031C6T3, STM32C031C6T6, STM32C031C6U3, STM32C031C6U6, STM32C031F4P3, STM32C031F4P6, STM32C031F6P3, STM32C031F6P6, STM32C031G4U3, STM32C031G4U6, STM32C031G6U3, STM32C031G6U6, STM32C031K4T3, STM32C031K4T6, STM32C031K4U3, STM32C031K4U6, STM32C031K6T3, STM32C031K6T6, STM32C031K6U3, STM32C031K6U6, STM32G071K8TXN, STM32G071K8UXN, STM32G081GBU6N, STM32G081KBT6N, STM32G081KBUXN, STM32G0B1CCT6N, STM32G0B1KCT6, STM32G0B1NEY6TR, STM32G0B1RCT6N, STM32G0C1CCT6, STM32G0C1CCT6N, STM32G0C1CCU6N, STM32G0C1CET6N, STM32G0C1CEU6N, STM32G0C1KCT6, STM32G0C1NEY6TR, STM32G0C1RCI6N, STM32G0C1RCT6N, STM32G0C1REI6N, STM32G0C1RET6N, STM32G0C1VCI6, STM32G0C1VEI6, STM32G471CCT6, STM32G471CCU6, STM32G471CET3, STM32G471CET6, STM32G471CEU3, STM32G471CEU6, STM32G471MCT6, STM32G471MET3, STM32G471MET6, STM32G471MEY6TR, STM32G471QCT6, STM32G471QET3, STM32G471RCT6, STM32G471RET3, STM32G471RET6, STM32G471VCH6, STM32G471VCI6, STM32G471VCT6, STM32G471VEH3, STM32G471VEH6, STM32G471VEI3, STM32G471VEI6, STM32G471VET3, STM32G471VET6, STM32G474CCT6, STM32H503CBT6, STM32H503CBU6, STM32H503EBY6TR, STM32H503KBU6, STM32H503RBT6, STM32H562AGI6, STM32H562AII6, STM32H562IGK6, STM32H562IGT6, STM32H562IIK6, STM32H562IIT6, STM32H562RGT6, STM32H562RGV6, STM32H562RIT6, STM32H562RIV6, STM32H562VGT6, STM32H562VIT6, STM32H562ZGT6, STM32H562ZIT6, STM32H563AGI6, STM32H563AII3Q, STM32H563AII6, STM32H563IGK6, STM32H563IGT6, STM32H563IIK3Q, STM32H563IIK6, STM32H563IIT3Q, STM32H563IIT6, STM32H563MIY3QTR, STM32H563RGT6, STM32H563RGV6, STM32H563RIT6, STM32H563RIV6, STM32H563VGT6, STM32H563VIT3Q, STM32H563VIT6, STM32H563ZGT6, STM32H563ZIT3Q, STM32H563ZIT6, STM32H573AII3Q, STM32H573AII6, STM32H573I-DK, STM32H573IIK3Q, STM32H573IIK6, STM32H573IIT3Q, STM32H573IIT6, STM32H573MIY3QTR, STM32H573RIT6, STM32H573RIV6, STM32H573VIT3Q, STM32H573VIT6, STM32H573ZIT3Q, STM32H573ZIT6, STM32L4R5QGI6STR, STM32MP131AAE3, STM32MP131AAF3, STM32MP131AAG3, STM32MP131CAE3, STM32MP131CAF3, STM32MP131CAG3, STM32MP131DAE7, STM32MP131DAF7, STM32MP131DAG7, STM32MP131FAE7, STM32MP131FAF7, STM32MP131FAG7, STM32MP133AAE3, STM32MP133AAF3, STM32MP133AAG3, STM32MP133CAE3, STM32MP133CAF3, STM32MP133CAG3, STM32MP133DAE7, STM32MP133DAF7, STM32MP133DAG7, STM32MP133FAE7, STM32MP133FAF7, STM32MP133FAG7, STM32MP135AAE3, STM32MP135AAF3, STM32MP135AAG3, STM32MP135CAE3, STM32MP135CAF3, STM32MP135CAG3, STM32MP135DAE7, STM32MP135DAF7, STM32MP135DAG7, STM32MP135F-DK, STM32MP135FAE7, STM32MP135FAF7, STM32MP135FAF7T, STM32MP135FAF7U, STM32MP135FAG7, STM32U535CBT6, STM32U535CBT6Q, STM32U535CBU6, STM32U535CBU6Q, STM32U535CCT6, STM32U535CCT6Q, STM32U535CCU6, STM32U535CCU6Q, STM32U535CET6, STM32U535CET6Q, STM32U535CEU6, STM32U535CEU6Q, STM32U535JEY6QTR, STM32U535NCY6QTR, STM32U535NEY6QTR, STM32U535RBI6, STM32U535RBI6Q, STM32U535RBT6, STM32U535RBT6Q, STM32U535RCI6, STM32U535RCI6Q, STM32U535RCT6, STM32U535RCT6Q, STM32U535REI6, STM32U535REI6Q, STM32U535RET6, STM32U535RET6Q, STM32U535VCI6, STM32U535VCI6Q, STM32U535VCT6, STM32U535VCT6Q, STM32U535VEI6, STM32U535VEI6Q, STM32U535VET6, STM32U535VET6Q, STM32U545CET6, STM32U545CET6Q, STM32U545CEU6, STM32U545CEU6Q, STM32U545JEY6QTR, STM32U545NEY6QTR, STM32U545REI6, STM32U545REI6Q, STM32U545RET6, STM32U545RET6Q, STM32U545VEI6, STM32U545VEI6Q, STM32U545VET6, STM32U545VET6Q, STM32U595AIH6, STM32U595AIH6Q, STM32U595AJH6, STM32U595AJH6Q, STM32U595QII6, STM32U595QII6Q, STM32U595QJI6, STM32U595QJI6Q, STM32U595RIT6, STM32U595RIT6Q, STM32U595RJT6, STM32U595RJT6Q, STM32U595VIT6, STM32U595VIT6Q, STM32U595VJT6, STM32U595VJT6Q, STM32U595ZIT6, STM32U595ZIT6Q, STM32U595ZIY6QTR, STM32U595ZJT6, STM32U595ZJT6Q, STM32U595ZJY6QTR, STM32U599BJY6QTR, STM32U599NIH6Q, STM32U599NJH6Q, STM32U599VIT6Q, STM32U599VJT6, STM32U599VJT6Q, STM32U599ZIT6Q, STM32U599ZIY6QTR, STM32U599ZJT6Q, STM32U599ZJY6QTR, STM32U5A5AJH6, STM32U5A5AJH6Q, STM32U5A5QJI6, STM32U5A5QJI6Q, STM32U5A5RJT6, STM32U5A5RJT6Q, STM32U5A5VJT6, STM32U5A5VJT6Q, STM32U5A5ZJT6, STM32U5A5ZJT6Q, STM32U5A5ZJY6QTR, STM32U5A9BJY6QTR, STM32U5A9J-DK, STM32U5A9NJH6Q, STM32U5A9VJT6Q, STM32U5A9ZJT6Q, STM32U5A9ZJY6QTR, STM32U5F7VIT6, STM32U5F7VIT6Q, STM32U5F7VJT6, STM32U5F7VJT6Q, STM32U5F9BJY6QTR, STM32U5F9NJH6Q, STM32U5F9VIT6Q, STM32U5F9VJT6Q, STM32U5F9ZIJ6QTR, STM32U5F9ZIT6Q, STM32U5F9ZJJ6QTR, STM32U5F9ZJT6Q, STM32U5G7VJT6, STM32U5G7VJT6Q, STM32U5G9BJY6QTR, STM32U5G9J-DK1, STM32U5G9J-DK2, STM32U5G9NJH6Q, STM32U5G9VJT6Q, STM32U5G9ZJJ6QTR, STM32U5G9ZJT6Q, STM32WB1MMCH6, STM32WBA52CEU6, STM32WBA52CEU6T, STM32WBA52CGU6, STM32WBA52CGU6T, STM32WBA52KEU6, STM32WBA52KEU6T, STM32WBA52KGU6, STM32WBA52KGU6T, STM32WL5MOCH6, STM32WL5MOCH6TR]
2023-07-24 19:01:46,767 [INFO] DbMcus:217 - Found 3848 MCUs, 3848 are supported
2023-07-24 19:01:46,768 [INFO] ApiDb:423 - Load user favorites file C:\Users\navta/.stm32cubeide/favorites.mcus.txt: 0 item(s)
2023-07-24 19:01:46,768 [INFO] ApiDb:427 - User favorites MCUs=[]
2023-07-24 19:01:46,768 [INFO] DbMcus:223 - Set 0 / 0 favorites MCUs
2023-07-24 19:01:47,110 [WARN] ThirdParty:833 - waiting for thirdparty lock release [change project]
2023-07-24 19:01:47,110 [INFO] ThirdParty:835 - entering critical section [change project]
2023-07-24 19:01:47,110 [INFO] ThirdParty:1030 - CMSIS Pack Vendor :STMicroelectronics X-CUBE-ISPU 1.1.0
2023-07-24 19:01:47,110 [INFO] ThirdParty:1030 - CMSIS Pack Vendor :STMicroelectronics USBPD 4.1
2023-07-24 19:01:47,111 [INFO] ThirdParty:1030 - CMSIS Pack Vendor :RoweBots I-CUBE-UNISONRTOS 5.5.0-4
2023-07-24 19:01:47,111 [INFO] ThirdParty:1030 - CMSIS Pack Vendor :STMicroelectronics X-CUBE-GNSS1 6.0.0
2023-07-24 19:01:47,111 [INFO] ThirdParty:1030 - CMSIS Pack Vendor :STMicroelectronics X-CUBE-AZRTOS-H7 2.1.0
2023-07-24 19:01:47,111 [INFO] ThirdParty:1030 - CMSIS Pack Vendor :STMicroelectronics USB_HOST 2.0.0
2023-07-24 19:01:47,111 [INFO] ThirdParty:1030 - CMSIS Pack Vendor :STMicroelectronics X-CUBE-AZRTOS-F4 1.1.0
2023-07-24 19:01:47,111 [INFO] ThirdParty:1030 - CMSIS Pack Vendor :STMicroelectronics LIBJPEG 8.0.0
2023-07-24 19:01:47,111 [INFO] ThirdParty:1030 - CMSIS Pack Vendor :STMicroelectronics X-CUBE-SMBUS 2.1.0
2023-07-24 19:01:47,111 [INFO] ThirdParty:1030 - CMSIS Pack Vendor :STMicroelectronics USB_DEVICE 3.0.0
2023-07-24 19:01:47,111 [INFO] ThirdParty:1030 - CMSIS Pack Vendor :STMicroelectronics X-CUBE-FREERTOS 1.0.1
2023-07-24 19:01:47,111 [INFO] ThirdParty:1030 - CMSIS Pack Vendor :STMicroelectronics X-CUBE-BLEMGR 1.2.0
2023-07-24 19:01:47,111 [INFO] ThirdParty:1030 - CMSIS Pack Vendor :STMicroelectronics X-CUBE-AZRTOS-F7 1.1.0
2023-07-24 19:01:47,111 [INFO] ThirdParty:1030 - CMSIS Pack Vendor :STMicroelectronics USB_DEVICE 2.0.0
2023-07-24 19:01:47,111 [INFO] ThirdParty:1030 - CMSIS Pack Vendor :STMicroelectronics X-CUBE-MEMS1 9.6.0
2023-07-24 19:01:47,111 [INFO] ThirdParty:1030 - CMSIS Pack Vendor :STMicroelectronics FP-SNS-MOTENV1 4.3.2
2023-07-24 19:01:47,111 [INFO] ThirdParty:1030 - CMSIS Pack Vendor :STMicroelectronics FP-SNS-FLIGHT1 5.0.1
2023-07-24 19:01:47,111 [INFO] ThirdParty:1030 - CMSIS Pack Vendor :STMicroelectronics X-CUBE-BLE1 6.2.3
2023-07-24 19:01:47,111 [INFO] ThirdParty:1030 - CMSIS Pack Vendor :STMicroelectronics X-CUBE-ALGOBUILD 1.3.0
2023-07-24 19:01:47,111 [INFO] ThirdParty:1030 - CMSIS Pack Vendor :STMicroelectronics X-CUBE-BLE1 6.2.4
2023-07-24 19:01:47,111 [INFO] ThirdParty:1030 - CMSIS Pack Vendor :STMicroelectronics X-CUBE-AZRTOS-L5 1.1.0
2023-07-24 19:01:47,111 [INFO] ThirdParty:1030 - CMSIS Pack Vendor :STMicroelectronics FreeRTOS 0.0.1
2023-07-24 19:01:47,111 [INFO] ThirdParty:1030 - CMSIS Pack Vendor :STMicroelectronics X-CUBE-AZRTOS-G0 1.1.0
2023-07-24 19:01:47,111 [INFO] ThirdParty:1030 - CMSIS Pack Vendor :STMicroelectronics X-CUBE-BLEMGR 2.0.0
2023-07-24 19:01:47,111 [INFO] ThirdParty:1030 - CMSIS Pack Vendor :STMicroelectronics X-CUBE-AI 8.0.1
2023-07-24 19:01:47,111 [INFO] ThirdParty:1030 - CMSIS Pack Vendor :STMicroelectronics X-CUBE-NFC4 3.0.0
2023-07-24 19:01:47,111 [INFO] ThirdParty:1030 - CMSIS Pack Vendor :STMicroelectronics X-CUBE-SUBG2 5.0.0
2023-07-24 19:01:47,111 [INFO] ThirdParty:1030 - CMSIS Pack Vendor :STMicroelectronics STM32_WPAN 1.0.0
2023-07-24 19:01:47,111 [INFO] ThirdParty:1030 - CMSIS Pack Vendor :SEGGER I-CUBE-embOS 1.2.1
2023-07-24 19:01:47,111 [INFO] ThirdParty:1030 - CMSIS Pack Vendor :STMicroelectronics lwIP 2.0.3
2023-07-24 19:01:47,111 [INFO] ThirdParty:1030 - CMSIS Pack Vendor :STMicroelectronics FP-SNS-FLIGHT1 5.0.2
2023-07-24 19:01:47,111 [INFO] ThirdParty:1030 - CMSIS Pack Vendor :STMicroelectronics X-CUBE-NFC4 2.0.4
2023-07-24 19:01:47,111 [INFO] ThirdParty:1030 - CMSIS Pack Vendor :STMicroelectronics USB_HOST 1.0.0
2023-07-24 19:01:47,111 [INFO] ThirdParty:1030 - CMSIS Pack Vendor :STMicroelectronics X-CUBE-TOF1 3.3.1
2023-07-24 19:01:47,111 [INFO] ThirdParty:1030 - CMSIS Pack Vendor :STMicroelectronics X-CUBE-AZRTOS-G4 2.0.0
2023-07-24 19:01:47,111 [INFO] ThirdParty:1030 - CMSIS Pack Vendor :STMicroelectronics PDM2PCM 3.1.0
2023-07-24 19:01:47,111 [INFO] ThirdParty:1030 - CMSIS Pack Vendor :STMicroelectronics X-CUBE-AZRTOS-H7 3.1.0
2023-07-24 19:01:47,112 [INFO] ThirdParty:1030 - CMSIS Pack Vendor :STMicroelectronics X-CUBE-TOF1 3.3.0
2023-07-24 19:01:47,112 [INFO] ThirdParty:1030 - CMSIS Pack Vendor :STMicroelectronics FP-ATR-ASTRA1 1.1.1
2023-07-24 19:01:47,112 [INFO] ThirdParty:1030 - CMSIS Pack Vendor :STMicroelectronics PDM2PCM 3.3.0
2023-07-24 19:01:47,112 [INFO] ThirdParty:1030 - CMSIS Pack Vendor :STMicroelectronics X-CUBE-DISPLAY 3.0.0
2023-07-24 19:01:47,112 [INFO] ThirdParty:1030 - CMSIS Pack Vendor :STMicroelectronics FP-ATR-SIGFOX1 3.2.0
2023-07-24 19:01:47,112 [INFO] ThirdParty:1030 - CMSIS Pack Vendor :STMicroelectronics X-CUBE-AZRTOS-G4 1.0.0
2023-07-24 19:01:47,112 [INFO] ThirdParty:1030 - CMSIS Pack Vendor :STMicroelectronics X-CUBE-AZRTOS-L4 1.0.0
2023-07-24 19:01:47,112 [INFO] ThirdParty:1030 - CMSIS Pack Vendor :wolfSSL I-CUBE-wolfSSL 5.5.1
2023-07-24 19:01:47,112 [INFO] ThirdParty:1030 - CMSIS Pack Vendor :STMicroelectronics HAL Drivers 0.0.0
2023-07-24 19:01:47,112 [INFO] ThirdParty:1030 - CMSIS Pack Vendor :STMicroelectronics MBEDTLS 2.16.2
2023-07-24 19:01:47,112 [INFO] ThirdParty:1030 - CMSIS Pack Vendor :emotas I-CUBE-CANOPEN 1.1.2
2023-07-24 19:01:47,112 [INFO] ThirdParty:1030 - CMSIS Pack Vendor :STMicroelectronics X-CUBE-TOUCHGFX 4.20.0
2023-07-24 19:01:47,112 [INFO] ThirdParty:1030 - CMSIS Pack Vendor :STMicroelectronics X-CUBE-TOUCHGFX 4.22.0
2023-07-24 19:01:47,112 [INFO] ThirdParty:1030 - CMSIS Pack Vendor :STMicroelectronics X-CUBE-NFC7 1.0.1
2023-07-24 19:01:47,112 [INFO] ThirdParty:1030 - CMSIS Pack Vendor :STMicroelectronics MBEDTLS 2.14.1
2023-07-24 19:01:47,112 [INFO] ThirdParty:1030 - CMSIS Pack Vendor :STMicroelectronics X-CUBE-NFC7 1.0.0
2023-07-24 19:01:47,112 [INFO] ThirdParty:1030 - CMSIS Pack Vendor :STMicroelectronics X-CUBE-AZRTOS-WL 1.0.0
2023-07-24 19:01:47,112 [INFO] ThirdParty:1030 - CMSIS Pack Vendor :STMicroelectronics X-CUBE-MEMS1 9.3.0
2023-07-24 19:01:47,112 [INFO] ThirdParty:1030 - CMSIS Pack Vendor :STMicroelectronics X-CUBE-EEPRMA1 4.1.0
2023-07-24 19:01:47,112 [INFO] ThirdParty:1030 - CMSIS Pack Vendor :portGmbH I-Cube-SoM-uGOAL 1.1.0
2023-07-24 19:01:47,112 [INFO] ThirdParty:1030 - CMSIS Pack Vendor :STMicroelectronics X-CUBE-ALS 1.0.1
2023-07-24 19:01:47,112 [INFO] ThirdParty:1030 - CMSIS Pack Vendor :STMicroelectronics X-CUBE-AI 7.2.0
2023-07-24 19:01:47,112 [INFO] ThirdParty:1030 - CMSIS Pack Vendor :STMicroelectronics ThreadX 1.0.0
2023-07-24 19:01:47,112 [INFO] ThirdParty:1030 - CMSIS Pack Vendor :STMicroelectronics X-CUBE-AZRTOS-WB 1.1.0
2023-07-24 19:01:47,112 [INFO] ThirdParty:1030 - CMSIS Pack Vendor :STMicroelectronics X-CUBE-AZRTOS-WL 2.0.0
2023-07-24 19:01:47,112 [INFO] ThirdParty:1030 - CMSIS Pack Vendor :SEGGER I-CUBE-embOS 1.3.1
2023-07-24 19:01:47,112 [INFO] ThirdParty:1030 - CMSIS Pack Vendor :STMicroelectronics X-CUBE-AZRTOS-L5 1.0.0
2023-07-24 19:01:47,112 [INFO] ThirdParty:1030 - CMSIS Pack Vendor :STMicroelectronics USB_DEVICE 1.0.0
2023-07-24 19:01:47,112 [INFO] ThirdParty:1030 - CMSIS Pack Vendor :STMicroelectronics X-CUBE-EEPRMA1 3.1.1
2023-07-24 19:01:47,113 [INFO] ThirdParty:1030 - CMSIS Pack Vendor :STMicroelectronics X-CUBE-AZRTOS-L4 2.0.0
2023-07-24 19:01:47,113 [INFO] ThirdParty:1030 - CMSIS Pack Vendor :STMicroelectronics ThreadX 0.0.2
2023-07-24 19:01:47,113 [INFO] ThirdParty:1030 - CMSIS Pack Vendor :WES I-CUBE-Cesium 1.3.0
2023-07-24 19:01:47,113 [INFO] ThirdParty:1030 - CMSIS Pack Vendor :STMicroelectronics FP-ATR-ASTRA1 2.0.0
2023-07-24 19:01:47,113 [INFO] ThirdParty:1030 - CMSIS Pack Vendor :STMicroelectronics lwIP 2.1.2
2023-07-24 19:01:47,113 [INFO] ThirdParty:1030 - CMSIS Pack Vendor :STMicroelectronics X-CUBE-SFXS2LP1 4.0.0
2023-07-24 19:01:47,113 [INFO] ThirdParty:1030 - CMSIS Pack Vendor :STMicroelectronics X-CUBE-BLE2 3.3.0
2023-07-24 19:01:47,113 [INFO] ThirdParty:1030 - CMSIS Pack Vendor :STMicroelectronics X-CUBE-DISPLAY 2.2.0
2023-07-24 19:01:47,113 [INFO] ThirdParty:1030 - CMSIS Pack Vendor :STMicroelectronics X-CUBE-TOF1 3.2.0
2023-07-24 19:01:47,113 [INFO] ThirdParty:1030 - CMSIS Pack Vendor :STMicroelectronics PDM2PCM 3.2.0
2023-07-24 19:01:47,113 [INFO] ThirdParty:1030 - CMSIS Pack Vendor :STMicroelectronics X-CUBE-ISPU 1.0.0
2023-07-24 19:01:47,113 [INFO] ThirdParty:841 - exiting critical section [change project]
2023-07-24 19:01:47,883 [INFO] PinOutPanel:1499 - setPackage(No Configuration,No Configuration)
2023-07-24 19:01:47,885 [INFO] PinOutPanel:1499 - setPackage(STM32L552ZETxQ,LQFP144)
2023-07-24 19:01:48,703 [INFO] UtilMem:75 - Before build in PCC Used Memory: 318016896 Bytes (723517440)
2023-07-24 19:01:50,686 [INFO] UtilMem:75 - After build in PCC Used Memory: 589719768 Bytes (723517440)
2023-07-24 19:01:50,992 [INFO] ApiDbMcu:507 - Load IP Config File for FREERTOS
2023-07-24 19:01:51,051 [INFO] IPUIPlugin:80 - create IPUIPlugin
2023-07-24 19:01:51,051 [INFO] IPUIPlugin:80 - create IPUIPlugin
2023-07-24 19:01:51,051 [INFO] IPUIPlugin:80 - create IPUIPlugin
2023-07-24 19:01:51,051 [INFO] IPUIPlugin:80 - create IPUIPlugin
2023-07-24 19:01:51,051 [INFO] IPUIPlugin:80 - create IPUIPlugin
2023-07-24 19:01:51,051 [INFO] IPUIPlugin:80 - create IPUIPlugin
2023-07-24 19:01:51,051 [INFO] IPUIPlugin:80 - create IPUIPlugin
2023-07-24 19:01:51,052 [INFO] IPUIPlugin:80 - create IPUIPlugin
2023-07-24 19:01:51,052 [INFO] IPUIPlugin:80 - create IPUIPlugin
2023-07-24 19:01:51,052 [INFO] IPUIPlugin:80 - create IPUIPlugin
2023-07-24 19:01:51,052 [INFO] IPUIPlugin:80 - create IPUIPlugin
2023-07-24 19:01:51,052 [INFO] IPUIPlugin:80 - create IPUIPlugin
2023-07-24 19:01:51,052 [INFO] IPUIPlugin:80 - create IPUIPlugin
2023-07-24 19:01:51,052 [INFO] IPUIPlugin:80 - create IPUIPlugin
2023-07-24 19:01:51,052 [INFO] IPUIPlugin:80 - create IPUIPlugin
2023-07-24 19:01:51,052 [INFO] IPUIPlugin:80 - create IPUIPlugin
2023-07-24 19:01:51,052 [INFO] IPUIPlugin:80 - create IPUIPlugin
2023-07-24 19:01:51,053 [INFO] IPUIPlugin:80 - create IPUIPlugin
2023-07-24 19:01:51,053 [INFO] IPUIPlugin:80 - create IPUIPlugin
2023-07-24 19:01:51,053 [INFO] IPUIPlugin:80 - create IPUIPlugin
2023-07-24 19:01:51,053 [INFO] IPUIPlugin:80 - create IPUIPlugin
2023-07-24 19:01:51,053 [INFO] IPUIPlugin:80 - create IPUIPlugin
2023-07-24 19:01:51,054 [INFO] IPUIPlugin:80 - create IPUIPlugin
2023-07-24 19:01:51,054 [INFO] IPUIPlugin:80 - create IPUIPlugin
2023-07-24 19:01:51,054 [INFO] IPUIPlugin:80 - create IPUIPlugin
2023-07-24 19:01:51,055 [INFO] IPUIPlugin:80 - create IPUIPlugin
2023-07-24 19:01:51,055 [INFO] IPUIPlugin:80 - create IPUIPlugin
2023-07-24 19:01:51,055 [INFO] IPUIPlugin:80 - create IPUIPlugin
2023-07-24 19:01:51,056 [INFO] IPUIPlugin:80 - create IPUIPlugin
2023-07-24 19:01:51,056 [INFO] IPUIPlugin:80 - create IPUIPlugin
2023-07-24 19:01:51,098 [INFO] IPUIPlugin:80 - create IPUIPlugin
2023-07-24 19:01:51,098 [INFO] IPUIPlugin:80 - create IPUIPlugin
2023-07-24 19:01:51,099 [INFO] IPUIPlugin:80 - create IPUIPlugin
2023-07-24 19:01:51,100 [INFO] IPUIPlugin:80 - create IPUIPlugin
2023-07-24 19:01:51,100 [INFO] IPUIPlugin:80 - create IPUIPlugin
2023-07-24 19:01:51,128 [INFO] IPUIPlugin:80 - create IPUIPlugin
2023-07-24 19:01:51,130 [INFO] IPUIPlugin:80 - create IPUIPlugin
2023-07-24 19:01:51,130 [INFO] IPUIPlugin:80 - create IPUIPlugin
2023-07-24 19:01:51,130 [INFO] IPUIPlugin:80 - create IPUIPlugin
2023-07-24 19:01:51,131 [INFO] IPUIPlugin:80 - create IPUIPlugin
2023-07-24 19:01:51,131 [INFO] IPUIPlugin:80 - create IPUIPlugin
2023-07-24 19:01:51,132 [INFO] IPUIPlugin:80 - create IPUIPlugin
2023-07-24 19:01:51,132 [INFO] IPUIPlugin:80 - create IPUIPlugin
2023-07-24 19:01:51,132 [INFO] IPUIPlugin:80 - create IPUIPlugin
2023-07-24 19:01:51,133 [INFO] IPUIPlugin:80 - create IPUIPlugin
2023-07-24 19:01:51,133 [INFO] IPUIPlugin:80 - create IPUIPlugin
2023-07-24 19:01:51,133 [INFO] IPUIPlugin:80 - create IPUIPlugin
2023-07-24 19:01:51,134 [INFO] IPUIPlugin:80 - create IPUIPlugin
2023-07-24 19:01:51,134 [INFO] IPUIPlugin:80 - create IPUIPlugin
2023-07-24 19:01:51,134 [INFO] IPUIPlugin:80 - create IPUIPlugin
2023-07-24 19:01:51,134 [INFO] IPUIPlugin:80 - create IPUIPlugin
2023-07-24 19:01:51,135 [INFO] IPUIPlugin:80 - create IPUIPlugin
2023-07-24 19:01:51,135 [INFO] IPUIPlugin:80 - create IPUIPlugin
2023-07-24 19:01:51,135 [INFO] IPUIPlugin:80 - create IPUIPlugin
2023-07-24 19:01:51,136 [INFO] IPUIPlugin:80 - create IPUIPlugin
2023-07-24 19:01:51,136 [INFO] IPUIPlugin:80 - create IPUIPlugin
2023-07-24 19:01:51,137 [INFO] IPUIPlugin:80 - create IPUIPlugin
2023-07-24 19:01:51,137 [INFO] IPUIPlugin:80 - create IPUIPlugin
2023-07-24 19:01:51,137 [INFO] IPUIPlugin:80 - create IPUIPlugin
2023-07-24 19:01:51,138 [INFO] IPUIPlugin:80 - create IPUIPlugin
2023-07-24 19:01:51,138 [INFO] IPUIPlugin:80 - create IPUIPlugin
2023-07-24 19:01:51,139 [INFO] IPUIPlugin:80 - create IPUIPlugin
2023-07-24 19:01:51,139 [INFO] IPUIPlugin:80 - create IPUIPlugin
2023-07-24 19:01:51,140 [INFO] IPUIPlugin:80 - create IPUIPlugin
2023-07-24 19:01:51,140 [INFO] IPUIPlugin:80 - create IPUIPlugin
2023-07-24 19:01:51,140 [INFO] IPUIPlugin:80 - create IPUIPlugin
2023-07-24 19:01:51,141 [INFO] IPUIPlugin:80 - create IPUIPlugin
2023-07-24 19:01:51,141 [INFO] IPUIPlugin:80 - create IPUIPlugin
2023-07-24 19:01:51,142 [INFO] IPUIPlugin:80 - create IPUIPlugin
2023-07-24 19:01:51,142 [INFO] IPUIPlugin:80 - create IPUIPlugin
2023-07-24 19:01:51,273 [WARN] FreeRTOS:1023 - Null or empty value: should not occur! (nothing added to the table)
2023-07-24 19:01:51,603 [INFO] CADModel:165 - CPN selected for project levelSTM32L552ZET6Q
2023-07-24 19:01:51,603 [INFO] CADModel:114 - Register for checkConnection events
2023-07-24 19:01:51,607 [INFO] RtosManager:697 - Active RTOS found at IOC load: FREERTOS [CortexM33]
2023-07-24 19:01:51,672 [INFO] OpenFileManager:328 - Restore cursor
2023-07-24 19:01:52,091 [WARN] IP:2114 - rtcSecureFull not found: check if there is a RefParameter without a condition.
2023-07-24 19:01:52,091 [WARN] IP:2114 - rtcNonSecureFeatures not found: check if there is a RefParameter without a condition.
2023-07-24 19:01:52,091 [WARN] IP:2114 - RTC_NONSECURE_FEATURE_NONE not found: check if there is a RefParameter without a condition.
2023-07-24 19:01:52,091 [WARN] IP:2114 - RTC_NONSECURE_FEATURE_INIT not found: check if there is a RefParameter without a condition.
2023-07-24 19:01:52,091 [WARN] IP:2114 - RTC_NONSECURE_FEATURE_ALRA not found: check if there is a RefParameter without a condition.
2023-07-24 19:01:52,091 [WARN] IP:2114 - RTC_NONSECURE_FEATURE_ALRB not found: check if there is a RefParameter without a condition.
2023-07-24 19:01:52,091 [WARN] IP:2114 - RTC_NONSECURE_FEATURE_TS not found: check if there is a RefParameter without a condition.
2023-07-24 19:01:52,091 [WARN] IP:2114 - RTC_NONSECURE_FEATURE_CAL not found: check if there is a RefParameter without a condition.
2023-07-24 19:01:52,091 [WARN] IP:2114 - RTC_NONSECURE_FEATURE_WUT not found: check if there is a RefParameter without a condition.
2023-07-24 19:01:52,092 [WARN] IP:2114 - Sec_BKP_Registers1 not found: check if there is a RefParameter without a condition.
2023-07-24 19:01:52,092 [WARN] IP:2114 - backupRegisterStartZone2_gS not found: check if there is a RefParameter without a condition.
2023-07-24 19:01:52,092 [WARN] IP:2114 - backupRegisterStartZone3_gS not found: check if there is a RefParameter without a condition.
2023-07-24 19:01:52,092 [WARN] IP:2114 - rtcSecureFull not found: check if there is a RefParameter without a condition.
2023-07-24 19:01:52,092 [WARN] IP:2114 - rtcNonSecureFeatures not found: check if there is a RefParameter without a condition.
2023-07-24 19:01:52,092 [WARN] IP:2114 - RTC_NONSECURE_FEATURE_NONE not found: check if there is a RefParameter without a condition.
2023-07-24 19:01:52,092 [WARN] IP:2114 - RTC_NONSECURE_FEATURE_INIT not found: check if there is a RefParameter without a condition.
2023-07-24 19:01:52,092 [WARN] IP:2114 - RTC_NONSECURE_FEATURE_ALRA not found: check if there is a RefParameter without a condition.
2023-07-24 19:01:52,092 [WARN] IP:2114 - RTC_NONSECURE_FEATURE_ALRB not found: check if there is a RefParameter without a condition.
2023-07-24 19:01:52,092 [WARN] IP:2114 - RTC_NONSECURE_FEATURE_TS not found: check if there is a RefParameter without a condition.
2023-07-24 19:01:52,092 [WARN] IP:2114 - RTC_NONSECURE_FEATURE_CAL not found: check if there is a RefParameter without a condition.
2023-07-24 19:01:52,092 [WARN] IP:2114 - RTC_NONSECURE_FEATURE_WUT not found: check if there is a RefParameter without a condition.
2023-07-24 19:01:52,092 [WARN] IP:2114 - Sec_BKP_Registers1 not found: check if there is a RefParameter without a condition.
2023-07-24 19:01:52,092 [WARN] IP:2114 - backupRegisterStartZone2_gS not found: check if there is a RefParameter without a condition.
2023-07-24 19:01:52,093 [WARN] IP:2114 - backupRegisterStartZone3_gS not found: check if there is a RefParameter without a condition.
2023-07-24 19:02:11,699 [INFO] Mcu:1605 - InternalPropertyChange: try BijectiveRequest:PWM Generation CH2
2023-07-24 19:02:15,229 [INFO] Mcu:1605 - InternalPropertyChange: try BijectiveRequest:PWM Generation CH3
2023-07-24 19:02:19,846 [INFO] Mcu:1605 - InternalPropertyChange: try BijectiveRequest:PWM Generation CH4
2023-07-24 19:06:18,982 [INFO] UtilMem:75 - End SaveConfig() Used Memory: 241963456 Bytes (723517440)
2023-07-24 19:06:20,793 [INFO] UtilMem:75 - End SaveConfig() Used Memory: 245135216 Bytes (723517440)
2023-07-24 19:06:46,107 [INFO] McuFinderGlobals:63 - Set McuFinder mode to 2 (CubeIDE integrated)
2023-07-24 19:06:46,108 [INFO] UserAuth:179 - activating auth plugin
2023-07-24 19:06:46,111 [INFO] UserAuth:393 - Internet connection configuration mode: 1
2023-07-24 19:11:17,609 [INFO] WebApp:586 - userauth.ini created with success
2023-07-24 19:13:05,205 [ERROR] LogOutputStream:75 - [STDERR_REDIRECT] 
